#
# A fatal error has been detected by the Java Runtime Environment:
#
#  Internal Error (jvmciRuntime.cpp:1224), pid=25, tid=39
#  fatal error: Fatal exception in JVMCI: HotSpotJVMCIRuntime.encodeThrowable should not throw an exception
#
# JRE version: OpenJDK Runtime Environment GraalVM CE 21.3.0 (17.0.1+12) (build 17.0.1+12-jvmci-21.3-b05)
# Java VM: OpenJDK 64-Bit Server VM GraalVM CE 21.3.0 (17.0.1+12-jvmci-21.3-b05, mixed mode, sharing, tiered, jvmci, jvmci compiler, compressed oops, compressed class ptrs, parallel gc, linux-amd64)
# Problematic frame:
# V  [libjvm.so+0x984af4]  JVMCIRuntime::fatal_exception(JVMCIEnv*, char const*)+0x74
#
# Core dump will be written. Default location: Core dumps may be processed with "/usr/share/apport/apport -p%p -s%s -c%c -d%d -P%P -u%u -g%g -- %E" (or dumping to /home/runner/first-thing-for-testing/core.25)
#
# If you would like to submit a bug report, please visit:
#   https://github.com/oracle/graal/issues
#

---------------  S U M M A R Y ------------

Command Line: -XX:ThreadPriorityPolicy=1 -XX:+UnlockExperimentalVMOptions -XX:+EnableJVMCIProduct -XX:-UnlockExperimentalVMOptions -Declipse.application=org.eclipse.jdt.ls.core.id1 -Dosgi.bundles.defaultStartLevel=4 -Declipse.product=org.eclipse.jdt.ls.core.product -Dlog.level=ALL -Xverify:none -XX:+UseParallelGC -XX:GCTimeRatio=4 -XX:AdaptiveSizePolicyWeight=90 -Dsun.zip.disableMemoryMapping=true -Xmx512m -Xms100m /nix/store/pkcgmqakympl0ix1ixdhihp4vxgxpw1n-jdt-language-server-1.9.0/share/java/plugins/org.eclipse.equinox.launcher_1.6.400.v20210924-0641.jar --add-modules=ALL-SYSTEM --add-opens java.base/java.util=ALL-UNNAMED --add-opens java.base/java.lang=ALL-UNNAMED -configuration /home/runner/.cache/jdt-language-server/config -data /home/runner/.cache/jdt-language-server/data/home/runner/first-thing-for-testing

Host: AMD EPYC 7B12, 8 cores, 1G, Ubuntu 20.04.2 LTS
Time: Wed Jun 15 22:18:14 2022 UTC elapsed time: 1123.834435 seconds (0d 0h 18m 43s)

---------------  T H R E A D  ---------------

Current thread (0x00007fd5000af9a0):  JavaThread "JVMCI-native CompilerThread0" daemon [_thread_in_vm, id=39, stack(0x00007fd504c42000,0x00007fd504e43000)]


Current CompileTask:
JVMCI-native:1123834 7075       4       java.lang.invoke.MethodType::makeImpl (109 bytes)

Stack: [0x00007fd504c42000,0x00007fd504e43000],  sp=0x00007fd504e401b0,  free space=2040k
Native frames: (J=compiled Java code, j=interpreted, Vv=VM code, C=native code)
V  [libjvm.so+0x984af4]  JVMCIRuntime::fatal_exception(JVMCIEnv*, char const*)+0x74
V  [libjvm.so+0x92f4ba]  JVMCIEnv::translate_hotspot_exception_to_jni_exception(JavaThread*, Handle const&)+0x10a
V  [libjvm.so+0x92f78a]  JVMCIEnv::~JVMCIEnv()+0xba
V  [libjvm.so+0x909ea7]  c2v_resolvePossiblyCachedConstantInPool(JNIEnv_*, _jobject*, _jobject*, int)+0x217
C  [libjvmcicompiler.so+0x86cf23]  CompilerToVM_resolvePossiblyCachedConstantInPool_2033690003c6c8a4a9752f8af223a906e7ee37dd+0xb3
C  [libjvmcicompiler.so+0x875d94]  HotSpotConstantPool_lookupConstant_6a0bbc0e37ea0843b918368e3428362a1cc4090c+0x3a4
C  [libjvmcicompiler.so+0xb6dcfb]  BytecodeParser_lookupConstant_a74784fd798537f49204ba4e5179e399447aa3a3+0x5b
C  [libjvmcicompiler.so+0xb5aa4f]  BytecodeParser_genLoadConstant_6f0f4aef037af0124909e581790c7180aefc0ab4+0x1f
C  [libjvmcicompiler.so+0xb71860]  BytecodeParser_processBytecode_ab899ffb386ab74cd292aa1e720b59177c3c4dd1+0x690
C  [libjvmcicompiler.so+0xb6ba8f]  BytecodeParser_iterateBytecodesForBlock_42b1962e6fa2cb90547e67954471496e50b7ca4d+0x17f
C  [libjvmcicompiler.so+0xb643ea]  BytecodeParser_handleBytecodeBlock_648f3355709d7ddbd463b7258df7d4d230f70e2d+0x2aa
C  [libjvmcicompiler.so+0xb70ee3]  BytecodeParser_processBlock_ec0d67fae85e7a66a62d230bfdd000f577f0cbd6+0x213
C  [libjvmcicompiler.so+0xb4879f]  BytecodeParser_build_3618b1a686d7b02d5c64bdd545c0ad56bf942aa6+0x97f
C  [libjvmcicompiler.so+0xb49688]  BytecodeParser_buildRootMethod_cf5d228f95e1aef84e07bec7df2926f9c73b6177+0x1f8
C  [libjvmcicompiler.so+0xb8673e]  GraphBuilderPhase$Instance_run_b2b36039ca684123c1ec14e6804d1c7a4e65a75c+0xce
C  [libjvmcicompiler.so+0xb86988]  GraphBuilderPhase_run_06859817cc94f593c35119fed21a590e64b36a8d+0x118
C  [libjvmcicompiler.so+0xb86825]  GraphBuilderPhase_run_1c83dae160130ef9ac143eabf153b264c6c02f51+0x45
C  [libjvmcicompiler.so+0xdda403]  BasePhase_apply_713211387b7de6171c1a19a72e42a60bacd2d824+0x3e3
C  [libjvmcicompiler.so+0xdde1cd]  PhaseSuite_run_ecb0057d494f6b78d114803459b0549dac0f590e+0xed
C  [libjvmcicompiler.so+0xdda403]  BasePhase_apply_713211387b7de6171c1a19a72e42a60bacd2d824+0x3e3
C  [libjvmcicompiler.so+0xe2cdcc]  InlineableGraph_parseBytecodes_383b5dfbc6910e3bb629be5ff5544e78fdfe1197+0x1dc
C  [libjvmcicompiler.so+0xe2c85a]  InlineableGraph_constructor_b5537eaf225fa4b063dc96af1deaf01d8c0d9748+0x3fa
C  [libjvmcicompiler.so+0xe23638]  AbstractInlineInfo_populateInlinableElements_43806c6e97853f5f355637b414bfe781a7fd84e8+0x118
C  [libjvmcicompiler.so+0xe3e28f]  InliningData_processNextInvoke_6aa31ad3e23598b978847c6e7c2bbaba909d7f9b+0xbf
C  [libjvmcicompiler.so+0xe3dac2]  InliningData_moveForward_61b4cb014bb6c223e91d6c82648c7ae0d3193161+0x202
C  [libjvmcicompiler.so+0xe176da]  InliningPhase_run_f4ac30eb44649be83d004d685c2edc25e6a1e527+0x19a
C  [libjvmcicompiler.so+0xe174f5]  InliningPhase_run_e6db7cf874d53dc91507291a473f2cc62c2efa89+0x45
C  [libjvmcicompiler.so+0xdda403]  BasePhase_apply_713211387b7de6171c1a19a72e42a60bacd2d824+0x3e3
C  [libjvmcicompiler.so+0xdde23f]  PhaseSuite_run_ecb0057d494f6b78d114803459b0549dac0f590e+0x15f
C  [libjvmcicompiler.so+0xdda403]  BasePhase_apply_713211387b7de6171c1a19a72e42a60bacd2d824+0x3e3
C  [libjvmcicompiler.so+0x91f250]  GraalCompiler_emitFrontEnd_dd11dd9655984367d3f025d8b405bcbf578143da+0x220
C  [libjvmcicompiler.so+0x91e863]  GraalCompiler_compile_5fc27c66103532b8aadfba9a53a0cfc56727e415+0x123
C  [libjvmcicompiler.so+0x91edf2]  GraalCompiler_compileGraph_7c727cf4f7ff3555660a81773d74fd53c28861a9+0x1b2
C  [libjvmcicompiler.so+0xa3fec4]  HotSpotGraalCompiler_compileHelper_d3a966217707633929a5b5a4a7670fbd583caf11+0x304
C  [libjvmcicompiler.so+0xa3fb1f]  HotSpotGraalCompiler_compile_07a2b83c7a0ac1a7ecf68380022f37bb2a8e555d+0x13f
C  [libjvmcicompiler.so+0xa0cdc2]  CompilationTask$HotSpotCompilationWrapper_performCompilation_dcd7de759f794bba47a846b2715bb72b7302d616+0x262
C  [libjvmcicompiler.so+0xa0cb37]  CompilationTask$HotSpotCompilationWrapper_performCompilation_33ff9935997e9b7516e735b1da6765438369c08a+0x17
C  [libjvmcicompiler.so+0x91dbfe]  CompilationWrapper_run_230b998b01f7b6f8aa59ffa779a359674753600b+0x3e
C  [libjvmcicompiler.so+0xa0e88d]  CompilationTask_runCompilation_90c8888471d47c5d371416635056aa3c9c3a2238+0x2cd
C  [libjvmcicompiler.so+0xa40b2c]  HotSpotGraalCompiler_compileMethod_5647c5b255b375f8765f87fdde1408357348e632+0x61c
C  [libjvmcicompiler.so+0xa40410]  HotSpotGraalCompiler_compileMethod_50d3ecc300d7afc2461a39f7c78f423a8314cf9b+0x180
C  [libjvmcicompiler.so+0xa40267]  HotSpotGraalCompiler_compileMethod_e38c89e51c012e7f227ec5003d2752b35b2d1d20+0x17
C  [libjvmcicompiler.so+0x87eac5]  HotSpotJVMCIRuntime_compileMethod_d0551eb00a95b4c222b2a67a9746353d2d54cfa9+0xe5
C  [libjvmcicompiler.so+0x370bc6]  JNIJavaCallWrappers_jniInvoke_VA_LIST_Nonvirtual_HotSpotJVMCIRuntime_compileMethod_d0551eb00a95b4c222b2a67a9746353d2d54cfa9_9777f9dc163dec00804c9517af22aed879be96a0+0x1b6
V  [libjvm.so+0x94ac5a]  JNIEnv_::CallNonvirtualObjectMethod(_jobject*, _jclass*, _jmethodID*, ...)+0x7a
V  [libjvm.so+0x933478]  JVMCIEnv::call_HotSpotJVMCIRuntime_compileMethod(JVMCIObject, JVMCIObject, int, long, int)+0x328
V  [libjvm.so+0x986c10]  JVMCIRuntime::compile_method(JVMCIEnv*, JVMCICompiler*, methodHandle const&, int)+0x150
V  [libjvm.so+0x5ac5ce]  CompileBroker::invoke_compiler_on_method(CompileTask*)+0x136e
V  [libjvm.so+0x5acb78]  CompileBroker::compiler_thread_loop()+0x4b8
V  [libjvm.so+0xd91700]  JavaThread::thread_main_inner()+0xd0
V  [libjvm.so+0xd94d8e]  Thread::call_run()+0xde
V  [libjvm.so+0xbeb0a1]  thread_native_entry(Thread*)+0xe1

Register to memory mapping:

RAX=0x00007fd507d24000 points into unknown readable memory: 0x0000000000000058 | 58 00 00 00 00 00 00 00
RBX=0x00007fd508e96068: <offset 0x0000000000f04068> in /nix/store/jd8g6gkgxzz40842f1g51fca5bg9ilmj-graalvm17-ce/lib/server/libjvm.so at 0x00007fd507f92000
RCX=0x00007fd508e4ea93: <offset 0x0000000000ebca93> in /nix/store/jd8g6gkgxzz40842f1g51fca5bg9ilmj-graalvm17-ce/lib/server/libjvm.so at 0x00007fd507f92000
RDX=0x00000000000004c8 is an unknown value
RSP=0x00007fd504e401b0 is pointing into the stack for thread: 0x00007fd5000af9a0
RBP=0x00007fd504e401d0 is pointing into the stack for thread: 0x00007fd5000af9a0
RSI=0x00007fd508e969d0: <offset 0x0000000000f049d0> in /nix/store/jd8g6gkgxzz40842f1g51fca5bg9ilmj-graalvm17-ce/lib/server/libjvm.so at 0x00007fd507f92000
RDI=0x00000000e0000000 is an oop: org.eclipse.osgi.container.ModuleCapability 
{0x00000000e0000000} - klass: 'org/eclipse/osgi/container/ModuleCapability'
 - ---- fields (total size 4 words):
 - private final 'namespace' 'Ljava/lang/String;' @12  "osgi.wiring.package"{0x00000000e06f4510} (e06f4510)
 - private final 'directives' 'Ljava/util/Map;' @16  a 'java/util/Collections$EmptyMap'{0x00000000e06f4e30} (e06f4e30)
 - private final 'attributes' 'Ljava/util/Map;' @20  a 'java/util/Collections$UnmodifiableMap'{0x00000000e0000020} (e0000020)
 - private final 'transientAttrs' 'Ljava/util/Map;' @24  NULL (0)
 - private final 'revision' 'Lorg/eclipse/osgi/container/ModuleRevision;' @28  a 'org/eclipse/osgi/container/ModuleRevision'{0x00000000e06f4550} (e06f4550)
R8 =0x00007fd508e96068: <offset 0x0000000000f04068> in /nix/store/jd8g6gkgxzz40842f1g51fca5bg9ilmj-graalvm17-ce/lib/server/libjvm.so at 0x00007fd507f92000
R9 =0x00007fd504e401a0 is pointing into the stack for thread: 0x00007fd5000af9a0
R10=0x0 is NULL
R11=0x0000000000000293 is an unknown value
R12=0x00007fd504e40440 is pointing into the stack for thread: 0x00007fd5000af9a0
R13=0x00007fd5000af9a0 is a thread
R14=0x00007fd500000b60 points into unknown readable memory: 0x00007fd5090cec28 | 28 ec 0c 09 d5 7f 00 00
R15=0x00007fd5000af9a0 is a thread


Registers:
RAX=0x00007fd507d24000, RBX=0x00007fd508e96068, RCX=0x00007fd508e4ea93, RDX=0x00000000000004c8
RSP=0x00007fd504e401b0, RBP=0x00007fd504e401d0, RSI=0x00007fd508e969d0, RDI=0x00000000e0000000
R8 =0x00007fd508e96068, R9 =0x00007fd504e401a0, R10=0x0000000000000000, R11=0x0000000000000293
R12=0x00007fd504e40440, R13=0x00007fd5000af9a0, R14=0x00007fd500000b60, R15=0x00007fd5000af9a0
RIP=0x00007fd508916af4, EFLAGS=0x0000000000010202, CSGSFS=0x002b000000000033, ERR=0x0000000000000006
  TRAPNO=0x000000000000000e

Top of Stack: (sp=0x00007fd504e401b0)
0x00007fd504e401b0:   00007fd504e40440 00007fd504e40338
0x00007fd504e401c0:   00007fd5091dd0c0 00007fd5000b0340
0x00007fd504e401d0:   00007fd504e40320 00007fd5088c14ba
0x00007fd504e401e0:   00007fd5000b0380 00007fd5000b0390 

Instructions: (pc=0x00007fd508916af4)
0x00007fd5089169f4:   75 2a 4d 85 ed 74 04 4d 8b 6d 00 48 83 c4 08 44
0x00007fd508916a04:   89 f9 4c 89 f2 4c 89 ee 5b 4c 89 e7 41 5c 41 5d
0x00007fd508916a14:   41 5e 41 5f 5d e9 e2 c5 cf ff 66 90 48 83 c4 08
0x00007fd508916a24:   5b 41 5c 41 5d 41 5e 41 5f 5d c3 90 31 d2 be 08
0x00007fd508916a34:   00 00 00 4c 89 ff e8 51 30 a2 ff 49 89 c5 e9 37
0x00007fd508916a44:   ff ff ff 66 0f 1f 84 00 00 00 00 00 48 8b 7a 08
0x00007fd508916a54:   e9 6d ff ff ff 0f 1f 80 00 00 00 00 e8 2b 3e 0a
0x00007fd508916a64:   00 84 c0 0f 85 85 ff ff ff e9 66 ff ff ff 66 66
0x00007fd508916a74:   2e 0f 1f 84 00 00 00 00 00 0f 1f 00 55 48 89 e5
0x00007fd508916a84:   41 56 41 55 41 54 49 89 fc 53 48 89 f3 66 48 8d
0x00007fd508916a94:   3d 47 9a 85 00 66 66 48 e8 6f 09 8c ff 4c 8b 28
0x00007fd508916aa4:   8b 05 f6 b1 8a 00 85 c0 75 14 ba 01 00 00 00 48
0x00007fd508916ab4:   8d 0d e6 b1 8a 00 f0 0f b1 11 85 c0 74 4e be c8
0x00007fd508916ac4:   00 00 00 4c 89 ef e8 a1 d9 40 00 48 8d 05 32 e8
0x00007fd508916ad4:   85 00 49 89 d8 48 8d 0d b3 7f 53 00 ba c8 04 00
0x00007fd508916ae4:   00 48 8d 35 e4 fe 57 00 bf 00 00 00 e0 48 8b 00
0x00007fd508916af4:   c6 00 58 31 c0 e8 32 1c c5 ff 5b 41 5c 41 5d 41
0x00007fd508916b04:   5e 5d e9 45 0d 26 00 0f 1f 44 00 00 48 8d 05 41
0x00007fd508916b14:   e2 8b 00 48 89 df 4c 8b 30 e8 2e 09 8c ff 48 89
0x00007fd508916b24:   de 48 89 c2 49 8b 06 4c 89 f7 ff 50 08 4c 89 f7
0x00007fd508916b34:   e8 b7 32 27 00 4d 85 e4 74 12 be 01 00 00 00 4c
0x00007fd508916b44:   89 e7 e8 95 a6 fa ff eb 82 0f 1f 00 be 01 00 00
0x00007fd508916b54:   00 4c 89 ef e8 c3 fd ff ff e9 6d ff ff ff 66 66
0x00007fd508916b64:   2e 0f 1f 84 00 00 00 00 00 0f 1f 00 55 48 89 e5
0x00007fd508916b74:   41 57 41 56 41 55 41 54 53 48 81 ec f8 01 00 00
0x00007fd508916b84:   64 48 8b 04 25 28 00 00 00 48 89 45 c8 8b 07 83
0x00007fd508916b94:   f8 02 0f 84 46 03 00 00 4c 8d 25 fd be 8b 00 48
0x00007fd508916ba4:   89 fb 49 89 f6 49 8b 0c 24 48 89 8d 28 fe ff ff
0x00007fd508916bb4:   48 85 c9 74 13 48 89 cf e8 cf 31 22 00 8b 03 83
0x00007fd508916bc4:   f8 02 0f 84 44 03 00 00 4c 8d 2d 65 3e 8a 00 4c
0x00007fd508916bd4:   8d 3d 5e 01 58 00 eb 39 0f 1f 40 00 48 85 d2 7f
0x00007fd508916be4:   0d 48 8d 05 94 fc 85 00 48 83 38 00 7e 0d 8b 73 


Stack slot to memory mapping:
stack at sp + 0 slots: 0x00007fd504e40440 is pointing into the stack for thread: 0x00007fd5000af9a0
stack at sp + 1 slots: 0x00007fd504e40338 is pointing into the stack for thread: 0x00007fd5000af9a0
stack at sp + 2 slots: 0x00007fd5091dd0c0: <offset 0x000000000124b0c0> in /nix/store/jd8g6gkgxzz40842f1g51fca5bg9ilmj-graalvm17-ce/lib/server/libjvm.so at 0x00007fd507f92000
stack at sp + 3 slots: 0x00007fd5000b0340 points into unknown readable memory: 0x0000000000000002 | 02 00 00 00 00 00 00 00
stack at sp + 4 slots: 0x00007fd504e40320 is pointing into the stack for thread: 0x00007fd5000af9a0
stack at sp + 5 slots: 0x00007fd5088c14ba: <offset 0x000000000092f4ba> in /nix/store/jd8g6gkgxzz40842f1g51fca5bg9ilmj-graalvm17-ce/lib/server/libjvm.so at 0x00007fd507f92000
stack at sp + 6 slots: 0x00007fd5000b0380 points into unknown readable memory: 0x0000000000000000 | 00 00 00 00 00 00 00 00
stack at sp + 7 slots: 0x00007fd5000b0390 points into unknown readable memory: 0x00000000e0297518 | 18 75 29 e0 00 00 00 00


---------------  P R O C E S S  ---------------

Threads class SMR info:
_java_thread_list=0x00007fd45c1b63d0, length=27, elements={
0x00007fd500024130, 0x00007fd5000a3da0, 0x00007fd5000a51d0, 0x00007fd5000ab8b0,
0x00007fd5000acc30, 0x00007fd5000ae010, 0x00007fd5000af9a0, 0x00007fd5000b0ea0,
0x00007fd5000b22e0, 0x00007fd5000d4f20, 0x00007fd50011c0f0, 0x00007fd50031b8d0,
0x00007fd50034f310, 0x00007fd5003513e0, 0x00007fd5006164c0, 0x00007fd48c0169c0,
0x00007fd48c2beb60, 0x00007fd48c320660, 0x00007fd480000e40, 0x00007fd48c49f910,
0x00007fd48c603bf0, 0x00007fd45c19ea40, 0x00007fd45c19f110, 0x00007fd45c1a0450,
0x00007fd45c1b5d20, 0x00007fd45c1b6520, 0x00007fd480341480
}

Java Threads: ( => current thread )
  0x00007fd500024130 JavaThread "main" [_thread_blocked, id=31, stack(0x00007fd507d45000,0x00007fd507e46000)]
  0x00007fd5000a3da0 JavaThread "Reference Handler" daemon [_thread_blocked, id=34, stack(0x00007fd50552d000,0x00007fd50562e000)]
  0x00007fd5000a51d0 JavaThread "Finalizer" daemon [_thread_blocked, id=35, stack(0x00007fd50542c000,0x00007fd50552d000)]
  0x00007fd5000ab8b0 JavaThread "Signal Dispatcher" daemon [_thread_blocked, id=36, stack(0x00007fd505045000,0x00007fd505146000)]
  0x00007fd5000acc30 JavaThread "Service Thread" daemon [_thread_blocked, id=37, stack(0x00007fd504f44000,0x00007fd505045000)]
  0x00007fd5000ae010 JavaThread "Monitor Deflation Thread" daemon [_thread_blocked, id=38, stack(0x00007fd504e43000,0x00007fd504f44000)]
=>0x00007fd5000af9a0 JavaThread "JVMCI-native CompilerThread0" daemon [_thread_in_vm, id=39, stack(0x00007fd504c42000,0x00007fd504e43000)]
  0x00007fd5000b0ea0 JavaThread "C1 CompilerThread0" daemon [_thread_blocked, id=40, stack(0x00007fd504a41000,0x00007fd504c42000)]
  0x00007fd5000b22e0 JavaThread "Sweeper thread" daemon [_thread_blocked, id=41, stack(0x00007fd504940000,0x00007fd504a41000)]
  0x00007fd5000d4f20 JavaThread "Common-Cleaner" daemon [_thread_blocked, id=42, stack(0x00007fd50483f000,0x00007fd504940000)]
  0x00007fd50011c0f0 JavaThread "Notification Thread" daemon [_thread_blocked, id=43, stack(0x00007fd50473e000,0x00007fd50483f000)]
  0x00007fd50031b8d0 JavaThread "Active Thread: Equinox Container: 7b6585a1-0793-4f36-aa43-2a54cdc83aa3" [_thread_blocked, id=54, stack(0x00007fd49d8ff000,0x00007fd49da00000)]
  0x00007fd50034f310 JavaThread "Framework Event Dispatcher: Equinox Container: 7b6585a1-0793-4f36-aa43-2a54cdc83aa3" daemon [_thread_blocked, id=55, stack(0x00007fd49d5ff000,0x00007fd49d700000)]
  0x00007fd5003513e0 JavaThread "Start Level: Equinox Container: 7b6585a1-0793-4f36-aa43-2a54cdc83aa3" daemon [_thread_blocked, id=56, stack(0x00007fd49d4fe000,0x00007fd49d5ff000)]
  0x00007fd5006164c0 JavaThread "Refresh Thread: Equinox Container: 7b6585a1-0793-4f36-aa43-2a54cdc83aa3" daemon [_thread_blocked, id=57, stack(0x00007fd49d3fd000,0x00007fd49d4fe000)]
  0x00007fd48c0169c0 JavaThread "SCR Component Actor" daemon [_thread_blocked, id=61, stack(0x00007fd49d0eb000,0x00007fd49d1ec000)]
  0x00007fd48c2beb60 JavaThread "Worker-JM" [_thread_blocked, id=64, stack(0x00007fd49c3fe000,0x00007fd49c4ff000)]
  0x00007fd48c320660 JavaThread "Worker-0: Periodic workspace save." [_thread_blocked, id=66, stack(0x00007fd49c2fd000,0x00007fd49c3fe000)]
  0x00007fd480000e40 JavaThread "Worker-1: Compacting resource model" [_thread_blocked, id=68, stack(0x00007fd49c1fc000,0x00007fd49c2fd000)]
  0x00007fd48c49f910 JavaThread "Java indexing" daemon [_thread_blocked, id=69, stack(0x00007fd49c0fb000,0x00007fd49c1fc000)]
  0x00007fd48c603bf0 JavaThread "Bundle File Closer" daemon [_thread_blocked, id=70, stack(0x00007fd4736ff000,0x00007fd473800000)]
  0x00007fd45c19ea40 JavaThread "Thread-2" [_thread_blocked, id=497, stack(0x00007fd4730fe000,0x00007fd4731ff000)]
  0x00007fd45c19f110 JavaThread "Thread-3" [_thread_blocked, id=645, stack(0x00007fd4734fd000,0x00007fd4735fe000)]
  0x00007fd45c1a0450 JavaThread "Thread-5" [_thread_blocked, id=698, stack(0x00007fd49c4ff000,0x00007fd49c600000)]
  0x00007fd45c1b5d20 JavaThread "Thread-7" [_thread_blocked, id=1056, stack(0x00007fd449bff000,0x00007fd449d00000)]
  0x00007fd45c1b6520 JavaThread "Thread-8" [_thread_blocked, id=1176, stack(0x00007fd449afe000,0x00007fd449bff000)]
  0x00007fd480341480 JavaThread "Worker-5: Building" [_thread_blocked, id=1345, stack(0x00007fd4718ff000,0x00007fd471a00000)]

Other Threads:
  0x00007fd50009f540 VMThread "VM Thread" [stack: 0x00007fd505630000,0x00007fd505730000] [id=33] _threads_hazard_ptr=0x00007fd45c1b63d0
  0x00007fd50011da80 WatcherThread [stack: 0x00007fd50463e000,0x00007fd50473e000] [id=44]
  0x00007fd50003b9b0 GCTaskThread "GC Thread#0" [stack: 0x00007fd5078f5000,0x00007fd5079f5000] [id=32]

Threads with active compile tasks:
JVMCI-native CompilerThread0  1123885 7075       4       java.lang.invoke.MethodType::makeImpl (109 bytes)

VM state: synchronizing (normal execution)

VM Mutex/Monitor currently owned by a thread:  ([mutex/lock_event])
[0x00007fd500020e20] Threads_lock - owner thread: 0x00007fd50009f540
[0x00007fd5000215d0] Heap_lock - owner thread: 0x00007fd48c49f910

OutOfMemory and StackOverflow Exception counts:
OutOfMemoryError java_heap_errors=31
LinkageErrors=50

Heap address: 0x00000000e0000000, size: 512 MB, Compressed Oops mode: 32-bit

CDS archive(s) mapped at: [0x0000000800000000-0x0000000800bb6000-0x0000000800bb6000), size 12279808, SharedBaseAddress: 0x0000000800000000, ArchiveRelocationMode: 0.
Compressed class space mapped at: 0x0000000800c00000-0x0000000840c00000, reserved size: 1073741824
Narrow klass base: 0x0000000800000000, Narrow klass shift: 0, Narrow klass range: 0x100000000

GC Precious Log:
 CPUs: 8 total, 1 available
 Memory: 1024M
 Large Page Support: Disabled
 NUMA Support: Disabled
 Compressed Oops: Enabled (32-bit)
 Alignments: Space 512K, Generation 512K, Heap 2M
 Heap Min Capacity: 100M
 Heap Initial Capacity: 100M
 Heap Max Capacity: 512M
 Pre-touch: Disabled
 Parallel Workers: 1

Heap:
 PSYoungGen      total 34816K, used 15871K [0x00000000f5580000, 0x00000000f8c00000, 0x0000000100000000)
  eden space 15872K, 99% used [0x00000000f5580000,0x00000000f64fffe8,0x00000000f6500000)
  from space 18944K, 0% used [0x00000000f7980000,0x00000000f7980000,0x00000000f8c00000)
  to   space 7680K, 0% used [0x00000000f6500000,0x00000000f6500000,0x00000000f6c80000)
 ParOldGen       total 349696K, used 349695K [0x00000000e0000000, 0x00000000f5580000, 0x00000000f5580000)
  object space 349696K, 99% used [0x00000000e0000000,0x00000000f557ffe8,0x00000000f5580000)
 Metaspace       used 52078K, committed 52800K, reserved 1097728K
  class space    used 5234K, committed 5568K, reserved 1048576K

Card table byte_map: [0x00007fd5079f5000,0x00007fd507af6000] _byte_map_base: 0x00007fd5072f5000

Marking Bits: (ParMarkBitMap*) 0x00007fd5091d6760
 Begin Bits: [0x00007fd506848000, 0x00007fd507048000)
 End Bits:   [0x00007fd507048000, 0x00007fd507848000)

Polling page: 0x00007fd507d22000

Metaspace:

Usage:
  Non-class:     45.75 MB used.
      Class:      5.11 MB used.
       Both:     50.86 MB used.

Virtual space:
  Non-class space:       48.00 MB reserved,      46.12 MB ( 96%) committed,  6 nodes.
      Class space:        1.00 GB reserved,       5.44 MB ( <1%) committed,  1 nodes.
             Both:        1.05 GB reserved,      51.56 MB (  5%) committed. 

Chunk freelists:
   Non-Class:  1.89 MB
       Class:  2.59 MB
        Both:  4.49 MB

MaxMetaspaceSize: unlimited
CompressedClassSpaceSize: 1.00 GB
Initial GC threshold: 21.00 MB
Current GC threshold: 85.88 MB
CDS: on
MetaspaceReclaimPolicy: balanced
 - commit_granule_bytes: 65536.
 - commit_granule_words: 8192.
 - virtual_space_node_default_size: 1048576.
 - enlarge_chunks_in_place: 1.
 - new_chunks_are_fully_committed: 0.
 - uncommit_free_chunks: 1.
 - use_allocation_guard: 0.
 - handle_deallocations: 1.


Internal statistics:

num_allocs_failed_limit: 6.
num_arena_births: 352.
num_arena_deaths: 70.
num_vsnodes_births: 7.
num_vsnodes_deaths: 0.
num_space_committed: 824.
num_space_uncommitted: 0.
num_chunks_returned_to_freelist: 95.
num_chunks_taken_from_freelist: 2205.
num_chunk_merges: 36.
num_chunk_splits: 1465.
num_chunks_enlarged: 990.
num_purges: 6.
num_inconsistent_stats: 0.

CodeHeap 'non-profiled nmethods': size=120036Kb used=2150Kb max_used=2150Kb free=117886Kb
 bounds [0x00007fd4ef730000, 0x00007fd4ef9a0000, 0x00007fd4f6c69000]
CodeHeap 'profiled nmethods': size=120032Kb used=13240Kb max_used=13240Kb free=106791Kb
 bounds [0x00007fd4e81f8000, 0x00007fd4e8ef8000, 0x00007fd4ef730000]
CodeHeap 'non-nmethods': size=5692Kb used=1360Kb max_used=1376Kb free=4331Kb
 bounds [0x00007fd4e7c69000, 0x00007fd4e7ed9000, 0x00007fd4e81f8000]
 total_blobs=6616 nmethods=5926 adapters=605
 compilation: enabled
              stopped_count=0, restarted_count=0
 full_count=0

JVMCI Events (8 events):
Event: 0.006 Thread 0x00007fd500024130 created new JVMCI runtime 0 (0x00007fd500058490)
Event: 0.006 Thread 0x00007fd500024130 created new JVMCI runtime -1 (0x00007fd500058500)
Event: 0.395 Thread 0x00007fd5000af9a0 loaded JVMCI shared library from /nix/store/jd8g6gkgxzz40842f1g51fca5bg9ilmj-graalvm17-ce/lib/libjvmcicompiler.so
Event: 0.397 Thread 0x00007fd5000af9a0 created JavaVM[1]@0x00007fd4e50595b0 for JVMCI runtime 0
Event: 0.397 Thread 0x00007fd5000af9a0 initializing JVMCI runtime 0
Event: 0.400 Thread 0x00007fd5000af9a0 initialized JVMCI runtime 0
Event: 1.483 Thread 0x00007fd4a8000ea0 initializing JVMCI runtime -1
Event: 1.583 Thread 0x00007fd4a8000ea0 initialized JVMCI runtime -1

Compilation events (20 events):
Event: 1047.543 Thread 0x00007fd5000b0ea0 nmethod 7065 0x00007fd4e85a2490 code [0x00007fd4e85a2720, 0x00007fd4e85a2f20]
Event: 1054.097 Thread 0x00007fd5000af9a0 7066 %     4       sun.nio.cs.UTF_8$Encoder::encodeArrayLoop @ 73 (489 bytes)
Event: 1055.419 Thread 0x00007fd5000b0ea0 7067       3       java.util.concurrent.ThreadPoolExecutor::isShutdown (12 bytes)
Event: 1055.420 Thread 0x00007fd5000b0ea0 nmethod 7067 0x00007fd4e8ce2810 code [0x00007fd4e8ce29c0, 0x00007fd4e8ce2bb0]
Event: 1056.887 Thread 0x00007fd5000af9a0 nmethod 7066% 0x00007fd4ef947210 code [0x00007fd4ef9473e0, 0x00007fd4ef947b20]
Event: 1056.887 Thread 0x00007fd5000af9a0 7068       4       org.eclipse.osgi.internal.framework.FilterImpl$Parser::parse_attr (149 bytes)
Event: 1060.992 Thread 0x00007fd5000af9a0 nmethod 7068 0x00007fd4ef948010 code [0x00007fd4ef9481c0, 0x00007fd4ef9488d0]
Event: 1060.992 Thread 0x00007fd5000b0ea0 7069   !   3       java.io.PrintWriter::write (58 bytes)
Event: 1062.333 Thread 0x00007fd5000b0ea0 nmethod 7069 0x00007fd4e8ce1a10 code [0x00007fd4e8ce1c20, 0x00007fd4e8ce24c0]
Event: 1091.309 Thread 0x00007fd5000af9a0 7070       4       org.eclipse.osgi.container.ModuleDatabase::readLock (11 bytes)
Event: 1091.330 Thread 0x00007fd5000af9a0 nmethod 7070 0x00007fd4ef948b90 code [0x00007fd4ef948d60, 0x00007fd4ef9491c0]
Event: 1102.152 Thread 0x00007fd5000b0ea0 7071       1       org.eclipse.osgi.internal.log.ExtendedLogServiceImpl::getFactory (5 bytes)
Event: 1103.411 Thread 0x00007fd5000b0ea0 nmethod 7071 0x00007fd4ef949510 code [0x00007fd4ef9496a0, 0x00007fd4ef949770]
Event: 1104.878 Thread 0x00007fd5000b0ea0 7072       3       java.util.concurrent.ScheduledThreadPoolExecutor::canRunInCurrentRunState (61 bytes)
Event: 1104.879 Thread 0x00007fd5000b0ea0 nmethod 7072 0x00007fd4e8ce0b10 code [0x00007fd4e8ce0d20, 0x00007fd4e8ce17c0]
Event: 1107.553 Thread 0x00007fd5000b0ea0 7073       3       java.lang.invoke.BoundMethodHandle::rebind (14 bytes)
Event: 1108.847 Thread 0x00007fd5000b0ea0 nmethod 7073 0x00007fd4e8cdff10 code [0x00007fd4e8ce0120, 0x00007fd4e8ce0940]
Event: 1108.848 Thread 0x00007fd5000b0ea0 7074       3       java.lang.invoke.BoundMethodHandle::tooComplex (27 bytes)
Event: 1108.848 Thread 0x00007fd5000b0ea0 nmethod 7074 0x00007fd4e8cdf410 code [0x00007fd4e8cdf600, 0x00007fd4e8cdfd30]
Event: 1108.848 Thread 0x00007fd5000af9a0 7075       4       java.lang.invoke.MethodType::makeImpl (109 bytes)

GC Heap History (20 events):
Event: 1110.189 GC heap before
{Heap before GC invocations=891 (full 779):
 PSYoungGen      total 34816K, used 15872K [0x00000000f5580000, 0x00000000f8c00000, 0x0000000100000000)
  eden space 15872K, 100% used [0x00000000f5580000,0x00000000f6500000,0x00000000f6500000)
  from space 18944K, 0% used [0x00000000f7980000,0x00000000f7980000,0x00000000f8c00000)
  to   space 7680K, 0% used [0x00000000f6500000,0x00000000f6500000,0x00000000f6c80000)
 ParOldGen       total 349696K, used 349695K [0x00000000e0000000, 0x00000000f5580000, 0x00000000f5580000)
  object space 349696K, 99% used [0x00000000e0000000,0x00000000f557fea8,0x00000000f5580000)
 Metaspace       used 52070K, committed 52800K, reserved 1097728K
  class space    used 5234K, committed 5568K, reserved 1048576K
}
Event: 1111.640 GC heap after
{Heap after GC invocations=891 (full 779):
 PSYoungGen      total 23552K, used 15871K [0x00000000f5580000, 0x00000000f8c00000, 0x0000000100000000)
  eden space 15872K, 99% used [0x00000000f5580000,0x00000000f64fffb8,0x00000000f6500000)
  from space 7680K, 0% used [0x00000000f6500000,0x00000000f6500000,0x00000000f6c80000)
  to   space 18944K, 0% used [0x00000000f7980000,0x00000000f7980000,0x00000000f8c00000)
 ParOldGen       total 349696K, used 349694K [0x00000000e0000000, 0x00000000f5580000, 0x00000000f5580000)
  object space 349696K, 99% used [0x00000000e0000000,0x00000000f557f870,0x00000000f5580000)
 Metaspace       used 52070K, committed 52800K, reserved 1097728K
  class space    used 5234K, committed 5568K, reserved 1048576K
}
Event: 1111.654 GC heap before
{Heap before GC invocations=892 (full 780):
 PSYoungGen      total 23552K, used 15872K [0x00000000f5580000, 0x00000000f8c00000, 0x0000000100000000)
  eden space 15872K, 100% used [0x00000000f5580000,0x00000000f6500000,0x00000000f6500000)
  from space 7680K, 0% used [0x00000000f6500000,0x00000000f6500000,0x00000000f6c80000)
  to   space 18944K, 0% used [0x00000000f7980000,0x00000000f7980000,0x00000000f8c00000)
 ParOldGen       total 349696K, used 349694K [0x00000000e0000000, 0x00000000f5580000, 0x00000000f5580000)
  object space 349696K, 99% used [0x00000000e0000000,0x00000000f557f870,0x00000000f5580000)
 Metaspace       used 52070K, committed 52800K, reserved 1097728K
  class space    used 5234K, committed 5568K, reserved 1048576K
}
Event: 1113.001 GC heap after
{Heap after GC invocations=892 (full 780):
 PSYoungGen      total 34816K, used 15872K [0x00000000f5580000, 0x00000000f8c00000, 0x0000000100000000)
  eden space 15872K, 100% used [0x00000000f5580000,0x00000000f6500000,0x00000000f6500000)
  from space 18944K, 0% used [0x00000000f7980000,0x00000000f7980000,0x00000000f8c00000)
  to   space 7680K, 0% used [0x00000000f6500000,0x00000000f6500000,0x00000000f6c80000)
 ParOldGen       total 349696K, used 349694K [0x00000000e0000000, 0x00000000f5580000, 0x00000000f5580000)
  object space 349696K, 99% used [0x00000000e0000000,0x00000000f557f870,0x00000000f5580000)
 Metaspace       used 52070K, committed 52800K, reserved 1097728K
  class space    used 5234K, committed 5568K, reserved 1048576K
}
Event: 1113.001 GC heap before
{Heap before GC invocations=893 (full 781):
 PSYoungGen      total 34816K, used 15872K [0x00000000f5580000, 0x00000000f8c00000, 0x0000000100000000)
  eden space 15872K, 100% used [0x00000000f5580000,0x00000000f6500000,0x00000000f6500000)
  from space 18944K, 0% used [0x00000000f7980000,0x00000000f7980000,0x00000000f8c00000)
  to   space 7680K, 0% used [0x00000000f6500000,0x00000000f6500000,0x00000000f6c80000)
 ParOldGen       total 349696K, used 349695K [0x00000000e0000000, 0x00000000f5580000, 0x00000000f5580000)
  object space 349696K, 99% used [0x00000000e0000000,0x00000000f557ffd0,0x00000000f5580000)
 Metaspace       used 52070K, committed 52800K, reserved 1097728K
  class space    used 5234K, committed 5568K, reserved 1048576K
}
Event: 1114.302 GC heap after
{Heap after GC invocations=893 (full 781):
 PSYoungGen      total 23552K, used 15871K [0x00000000f5580000, 0x00000000f8c00000, 0x0000000100000000)
  eden space 15872K, 99% used [0x00000000f5580000,0x00000000f64fff88,0x00000000f6500000)
  from space 7680K, 0% used [0x00000000f6500000,0x00000000f6500000,0x00000000f6c80000)
  to   space 18944K, 0% used [0x00000000f7980000,0x00000000f7980000,0x00000000f8c00000)
 ParOldGen       total 349696K, used 349695K [0x00000000e0000000, 0x00000000f5580000, 0x00000000f5580000)
  object space 349696K, 99% used [0x00000000e0000000,0x00000000f557ff28,0x00000000f5580000)
 Metaspace       used 52070K, committed 52800K, reserved 1097728K
  class space    used 5234K, committed 5568K, reserved 1048576K
}
Event: 1114.303 GC heap before
{Heap before GC invocations=894 (full 782):
 PSYoungGen      total 23552K, used 15872K [0x00000000f5580000, 0x00000000f8c00000, 0x0000000100000000)
  eden space 15872K, 100% used [0x00000000f5580000,0x00000000f6500000,0x00000000f6500000)
  from space 7680K, 0% used [0x00000000f6500000,0x00000000f6500000,0x00000000f6c80000)
  to   space 18944K, 0% used [0x00000000f7980000,0x00000000f7980000,0x00000000f8c00000)
 ParOldGen       total 349696K, used 349695K [0x00000000e0000000, 0x00000000f5580000, 0x00000000f5580000)
  object space 349696K, 99% used [0x00000000e0000000,0x00000000f557ff28,0x00000000f5580000)
 Metaspace       used 52070K, committed 52800K, reserved 1097728K
  class space    used 5234K, committed 5568K, reserved 1048576K
}
Event: 1115.686 GC heap after
{Heap after GC invocations=894 (full 782):
 PSYoungGen      total 34816K, used 15872K [0x00000000f5580000, 0x00000000f8c00000, 0x0000000100000000)
  eden space 15872K, 100% used [0x00000000f5580000,0x00000000f6500000,0x00000000f6500000)
  from space 18944K, 0% used [0x00000000f7980000,0x00000000f7980000,0x00000000f8c00000)
  to   space 7680K, 0% used [0x00000000f6500000,0x00000000f6500000,0x00000000f6c80000)
 ParOldGen       total 349696K, used 349695K [0x00000000e0000000, 0x00000000f5580000, 0x00000000f5580000)
  object space 349696K, 99% used [0x00000000e0000000,0x00000000f557ff10,0x00000000f5580000)
 Metaspace       used 52070K, committed 52800K, reserved 1097728K
  class space    used 5234K, committed 5568K, reserved 1048576K
}
Event: 1115.686 GC heap before
{Heap before GC invocations=895 (full 783):
 PSYoungGen      total 34816K, used 15872K [0x00000000f5580000, 0x00000000f8c00000, 0x0000000100000000)
  eden space 15872K, 100% used [0x00000000f5580000,0x00000000f6500000,0x00000000f6500000)
  from space 18944K, 0% used [0x00000000f7980000,0x00000000f7980000,0x00000000f8c00000)
  to   space 7680K, 0% used [0x00000000f6500000,0x00000000f6500000,0x00000000f6c80000)
 ParOldGen       total 349696K, used 349695K [0x00000000e0000000, 0x00000000f5580000, 0x00000000f5580000)
  object space 349696K, 99% used [0x00000000e0000000,0x00000000f557ffe8,0x00000000f5580000)
 Metaspace       used 52070K, committed 52800K, reserved 1097728K
  class space    used 5234K, committed 5568K, reserved 1048576K
}
Event: 1116.918 GC heap after
{Heap after GC invocations=895 (full 783):
 PSYoungGen      total 23552K, used 15871K [0x00000000f5580000, 0x00000000f8c00000, 0x0000000100000000)
  eden space 15872K, 99% used [0x00000000f5580000,0x00000000f64fffd0,0x00000000f6500000)
  from space 7680K, 0% used [0x00000000f6500000,0x00000000f6500000,0x00000000f6c80000)
  to   space 18944K, 0% used [0x00000000f7980000,0x00000000f7980000,0x00000000f8c00000)
 ParOldGen       total 349696K, used 349695K [0x00000000e0000000, 0x00000000f5580000, 0x00000000f5580000)
  object space 349696K, 99% used [0x00000000e0000000,0x00000000f557ffe8,0x00000000f5580000)
 Metaspace       used 52070K, committed 52800K, reserved 1097728K
  class space    used 5234K, committed 5568K, reserved 1048576K
}
Event: 1116.920 GC heap before
{Heap before GC invocations=896 (full 784):
 PSYoungGen      total 23552K, used 15872K [0x00000000f5580000, 0x00000000f8c00000, 0x0000000100000000)
  eden space 15872K, 100% used [0x00000000f5580000,0x00000000f6500000,0x00000000f6500000)
  from space 7680K, 0% used [0x00000000f6500000,0x00000000f6500000,0x00000000f6c80000)
  to   space 18944K, 0% used [0x00000000f7980000,0x00000000f7980000,0x00000000f8c00000)
 ParOldGen       total 349696K, used 349695K [0x00000000e0000000, 0x00000000f5580000, 0x00000000f5580000)
  object space 349696K, 99% used [0x00000000e0000000,0x00000000f557ffe8,0x00000000f5580000)
 Metaspace       used 52070K, committed 52800K, reserved 1097728K
  class space    used 5234K, committed 5568K, reserved 1048576K
}
Event: 1118.227 GC heap after
{Heap after GC invocations=896 (full 784):
 PSYoungGen      total 34816K, used 15871K [0x00000000f5580000, 0x00000000f8c00000, 0x0000000100000000)
  eden space 15872K, 99% used [0x00000000f5580000,0x00000000f64fffe8,0x00000000f6500000)
  from space 18944K, 0% used [0x00000000f7980000,0x00000000f7980000,0x00000000f8c00000)
  to   space 7680K, 0% used [0x00000000f6500000,0x00000000f6500000,0x00000000f6c80000)
 ParOldGen       total 349696K, used 349695K [0x00000000e0000000, 0x00000000f5580000, 0x00000000f5580000)
  object space 349696K, 99% used [0x00000000e0000000,0x00000000f557ffe8,0x00000000f5580000)
 Metaspace       used 52070K, committed 52800K, reserved 1097728K
  class space    used 5234K, committed 5568K, reserved 1048576K
}
Event: 1118.277 GC heap before
{Heap before GC invocations=897 (full 785):
 PSYoungGen      total 34816K, used 15872K [0x00000000f5580000, 0x00000000f8c00000, 0x0000000100000000)
  eden space 15872K, 100% used [0x00000000f5580000,0x00000000f6500000,0x00000000f6500000)
  from space 18944K, 0% used [0x00000000f7980000,0x00000000f7980000,0x00000000f8c00000)
  to   space 7680K, 0% used [0x00000000f6500000,0x00000000f6500000,0x00000000f6c80000)
 ParOldGen       total 349696K, used 349695K [0x00000000e0000000, 0x00000000f5580000, 0x00000000f5580000)
  object space 349696K, 99% used [0x00000000e0000000,0x00000000f557ffe8,0x00000000f5580000)
 Metaspace       used 52070K, committed 52800K, reserved 1097728K
  class space    used 5234K, committed 5568K, reserved 1048576K
}
Event: 1119.533 GC heap after
{Heap after GC invocations=897 (full 785):
 PSYoungGen      total 23552K, used 15872K [0x00000000f5580000, 0x00000000f8c00000, 0x0000000100000000)
  eden space 15872K, 100% used [0x00000000f5580000,0x00000000f6500000,0x00000000f6500000)
  from space 7680K, 0% used [0x00000000f6500000,0x00000000f6500000,0x00000000f6c80000)
  to   space 18944K, 0% used [0x00000000f7980000,0x00000000f7980000,0x00000000f8c00000)
 ParOldGen       total 349696K, used 349695K [0x00000000e0000000, 0x00000000f5580000, 0x00000000f5580000)
  object space 349696K, 99% used [0x00000000e0000000,0x00000000f557ffe8,0x00000000f5580000)
 Metaspace       used 52070K, committed 52800K, reserved 1097728K
  class space    used 5234K, committed 5568K, reserved 1048576K
}
Event: 1119.533 GC heap before
{Heap before GC invocations=898 (full 786):
 PSYoungGen      total 23552K, used 15872K [0x00000000f5580000, 0x00000000f8c00000, 0x0000000100000000)
  eden space 15872K, 100% used [0x00000000f5580000,0x00000000f6500000,0x00000000f6500000)
  from space 7680K, 0% used [0x00000000f6500000,0x00000000f6500000,0x00000000f6c80000)
  to   space 18944K, 0% used [0x00000000f7980000,0x00000000f7980000,0x00000000f8c00000)
 ParOldGen       total 349696K, used 349695K [0x00000000e0000000, 0x00000000f5580000, 0x00000000f5580000)
  object space 349696K, 99% used [0x00000000e0000000,0x00000000f557ffe8,0x00000000f5580000)
 Metaspace       used 52070K, committed 52800K, reserved 1097728K
  class space    used 5234K, committed 5568K, reserved 1048576K
}
Event: 1120.848 GC heap after
{Heap after GC invocations=898 (full 786):
 PSYoungGen      total 34816K, used 15872K [0x00000000f5580000, 0x00000000f8c00000, 0x0000000100000000)
  eden space 15872K, 100% used [0x00000000f5580000,0x00000000f6500000,0x00000000f6500000)
  from space 18944K, 0% used [0x00000000f7980000,0x00000000f7980000,0x00000000f8c00000)
  to   space 7680K, 0% used [0x00000000f6500000,0x00000000f6500000,0x00000000f6c80000)
 ParOldGen       total 349696K, used 349695K [0x00000000e0000000, 0x00000000f5580000, 0x00000000f5580000)
  object space 349696K, 99% used [0x00000000e0000000,0x00000000f557ffe8,0x00000000f5580000)
 Metaspace       used 52070K, committed 52800K, reserved 1097728K
  class space    used 5234K, committed 5568K, reserved 1048576K
}
Event: 1120.849 GC heap before
{Heap before GC invocations=899 (full 787):
 PSYoungGen      total 34816K, used 15872K [0x00000000f5580000, 0x00000000f8c00000, 0x0000000100000000)
  eden space 15872K, 100% used [0x00000000f5580000,0x00000000f6500000,0x00000000f6500000)
  from space 18944K, 0% used [0x00000000f7980000,0x00000000f7980000,0x00000000f8c00000)
  to   space 7680K, 0% used [0x00000000f6500000,0x00000000f6500000,0x00000000f6c80000)
 ParOldGen       total 349696K, used 349695K [0x00000000e0000000, 0x00000000f5580000, 0x00000000f5580000)
  object space 349696K, 99% used [0x00000000e0000000,0x00000000f557ffe8,0x00000000f5580000)
 Metaspace       used 52078K, committed 52800K, reserved 1097728K
  class space    used 5234K, committed 5568K, reserved 1048576K
}
Event: 1122.203 GC heap after
{Heap after GC invocations=899 (full 787):
 PSYoungGen      total 23552K, used 15871K [0x00000000f5580000, 0x00000000f8c00000, 0x0000000100000000)
  eden space 15872K, 99% used [0x00000000f5580000,0x00000000f64fffe8,0x00000000f6500000)
  from space 7680K, 0% used [0x00000000f6500000,0x00000000f6500000,0x00000000f6c80000)
  to   space 18944K, 0% used [0x00000000f7980000,0x00000000f7980000,0x00000000f8c00000)
 ParOldGen       total 349696K, used 349695K [0x00000000e0000000, 0x00000000f5580000, 0x00000000f5580000)
  object space 349696K, 99% used [0x00000000e0000000,0x00000000f557ffe8,0x00000000f5580000)
 Metaspace       used 52078K, committed 52800K, reserved 1097728K
  class space    used 5234K, committed 5568K, reserved 1048576K
}
Event: 1122.203 GC heap before
{Heap before GC invocations=900 (full 788):
 PSYoungGen      total 23552K, used 15871K [0x00000000f5580000, 0x00000000f8c00000, 0x0000000100000000)
  eden space 15872K, 99% used [0x00000000f5580000,0x00000000f64fffe8,0x00000000f6500000)
  from space 7680K, 0% used [0x00000000f6500000,0x00000000f6500000,0x00000000f6c80000)
  to   space 18944K, 0% used [0x00000000f7980000,0x00000000f7980000,0x00000000f8c00000)
 ParOldGen       total 349696K, used 349695K [0x00000000e0000000, 0x00000000f5580000, 0x00000000f5580000)
  object space 349696K, 99% used [0x00000000e0000000,0x00000000f557ffe8,0x00000000f5580000)
 Metaspace       used 52078K, committed 52800K, reserved 1097728K
  class space    used 5234K, committed 5568K, reserved 1048576K
}
Event: 1123.801 GC heap after
{Heap after GC invocations=900 (full 788):
 PSYoungGen      total 34816K, used 15871K [0x00000000f5580000, 0x00000000f8c00000, 0x0000000100000000)
  eden space 15872K, 99% used [0x00000000f5580000,0x00000000f64fffe8,0x00000000f6500000)
  from space 18944K, 0% used [0x00000000f7980000,0x00000000f7980000,0x00000000f8c00000)
  to   space 7680K, 0% used [0x00000000f6500000,0x00000000f6500000,0x00000000f6c80000)
 ParOldGen       total 349696K, used 349695K [0x00000000e0000000, 0x00000000f5580000, 0x00000000f5580000)
  object space 349696K, 99% used [0x00000000e0000000,0x00000000f557ffe8,0x00000000f5580000)
 Metaspace       used 52078K, committed 52800K, reserved 1097728K
  class space    used 5234K, committed 5568K, reserved 1048576K
}

Deoptimization events (20 events):
Event: 923.650 Thread 0x00007fd48c320660 Uncommon trap: trap_request=0xffffff8f fr.pc=0x00007fd4ef7b41c2 relative=0x0000000000000422
Event: 923.650 Thread 0x00007fd48c320660 Uncommon trap: reason=constraint action=none pc=0x00007fd4ef7b41c2 method=java.lang.AbstractStringBuilder.append(Ljava/lang/String;)Ljava/lang/AbstractStringBuilder; @ 0 jvmci
Event: 923.650 Thread 0x00007fd48c320660 DEOPT PACKING pc=0x00007fd4ef7b41c2 sp=0x00007fd49c3fbe00
Event: 923.650 Thread 0x00007fd48c320660 DEOPT UNPACKING pc=0x00007fd4e7cbb325 sp=0x00007fd49c3fb2d0 mode 3
Event: 927.444 Thread 0x00007fd48c320660 Uncommon trap: trap_request=0xffffff8f fr.pc=0x00007fd4ef749ade relative=0x000000000000023e
Event: 927.444 Thread 0x00007fd48c320660 Uncommon trap: reason=constraint action=none pc=0x00007fd4ef749ade method=java.lang.AbstractStringBuilder.ensureCapacityInternal(I)V @ 27 jvmci
Event: 927.444 Thread 0x00007fd48c320660 DEOPT PACKING pc=0x00007fd4ef749ade sp=0x00007fd49c3fbda0
Event: 927.444 Thread 0x00007fd48c320660 DEOPT UNPACKING pc=0x00007fd4e7cbb325 sp=0x00007fd49c3fb238 mode 3
Event: 1005.411 Thread 0x00007fd48c49f910 Uncommon trap: trap_request=0xffffff8f fr.pc=0x00007fd4ef93c472 relative=0x0000000000001032
Event: 1005.411 Thread 0x00007fd48c49f910 Uncommon trap: reason=constraint action=none pc=0x00007fd4ef93c472 method=org.eclipse.jdt.internal.core.index.DiskIndex.copyQueryResults(Lorg/eclipse/jdt/internal/compiler/util/HashtableOfObject;I)V @ 123 jvmci
Event: 1005.411 Thread 0x00007fd48c49f910 DEOPT PACKING pc=0x00007fd4ef93c472 sp=0x00007fd49c1fa530
Event: 1005.411 Thread 0x00007fd48c49f910 DEOPT UNPACKING pc=0x00007fd4e7cbb325 sp=0x00007fd49c1f9a28 mode 3
Event: 1016.801 Thread 0x00007fd45c1b6520 Uncommon trap: trap_request=0xffffff8f fr.pc=0x00007fd4ef9404cf relative=0x0000000000000a0f
Event: 1016.801 Thread 0x00007fd45c1b6520 Uncommon trap: reason=constraint action=none pc=0x00007fd4ef9404cf method=java.util.Hashtable.addEntry(ILjava/lang/Object;Ljava/lang/Object;I)V @ 42 jvmci
Event: 1016.801 Thread 0x00007fd45c1b6520 DEOPT PACKING pc=0x00007fd4ef9404cf sp=0x00007fd449bfcf40
Event: 1016.801 Thread 0x00007fd45c1b6520 DEOPT UNPACKING pc=0x00007fd4e7cbb325 sp=0x00007fd449bfc380 mode 3
Event: 1102.152 Thread 0x00007fd50031b8d0 Uncommon trap: trap_request=0xffffffed fr.pc=0x00007fd4ef94904f relative=0x00000000000002ef
Event: 1102.152 Thread 0x00007fd50031b8d0 Uncommon trap: reason=null_assert_or_unreached0 action=reinterpret pc=0x00007fd4ef94904f method=java.util.concurrent.locks.AbstractQueuedSynchronizer.compareAndSetState(II)Z @ 12 jvmci
Event: 1103.413 Thread 0x00007fd50031b8d0 DEOPT PACKING pc=0x00007fd4ef94904f sp=0x00007fd49d9fe510
Event: 1103.413 Thread 0x00007fd50031b8d0 DEOPT UNPACKING pc=0x00007fd4e7cbb325 sp=0x00007fd49d9fd810 mode 3

Classes unloaded (20 events):
Event: 70.030 Thread 0x00007fd50009f540 Unloading class 0x0000000800db0800 'java/lang/invoke/LambdaForm$MH+0x0000000800db0800'
Event: 70.030 Thread 0x00007fd50009f540 Unloading class 0x0000000800db0400 'java/lang/invoke/LambdaForm$MH+0x0000000800db0400'
Event: 70.030 Thread 0x00007fd50009f540 Unloading class 0x0000000800db0000 'java/lang/invoke/LambdaForm$MH+0x0000000800db0000'
Event: 70.030 Thread 0x00007fd50009f540 Unloading class 0x0000000800dabc00 'jdk/internal/reflect/GeneratedConstructorAccessor3'
Event: 70.030 Thread 0x00007fd50009f540 Unloading class 0x0000000800d1e800 'java/lang/invoke/LambdaForm$MH+0x0000000800d1e800'
Event: 70.030 Thread 0x00007fd50009f540 Unloading class 0x0000000800d1e000 'java/lang/invoke/LambdaForm$MH+0x0000000800d1e000'
Event: 70.030 Thread 0x00007fd50009f540 Unloading class 0x0000000800d1dc00 'java/lang/invoke/LambdaForm$MH+0x0000000800d1dc00'
Event: 70.030 Thread 0x00007fd50009f540 Unloading class 0x0000000800d1d800 'java/lang/invoke/LambdaForm$MH+0x0000000800d1d800'
Event: 70.030 Thread 0x00007fd50009f540 Unloading class 0x0000000800d1d000 'java/lang/invoke/LambdaForm$MH+0x0000000800d1d000'
Event: 70.030 Thread 0x00007fd50009f540 Unloading class 0x0000000800d1cc00 'java/lang/invoke/LambdaForm$MH+0x0000000800d1cc00'
Event: 70.030 Thread 0x00007fd50009f540 Unloading class 0x0000000800d1c800 'java/lang/invoke/LambdaForm$MH+0x0000000800d1c800'
Event: 70.030 Thread 0x00007fd50009f540 Unloading class 0x0000000800d1c000 'java/lang/invoke/LambdaForm$MH+0x0000000800d1c000'
Event: 70.030 Thread 0x00007fd50009f540 Unloading class 0x0000000800c95000 'jdk/internal/reflect/GeneratedMethodAccessor5'
Event: 70.030 Thread 0x00007fd50009f540 Unloading class 0x0000000800c94c00 'jdk/internal/reflect/GeneratedMethodAccessor4'
Event: 70.030 Thread 0x00007fd50009f540 Unloading class 0x0000000800c94800 'jdk/internal/reflect/GeneratedMethodAccessor3'
Event: 70.030 Thread 0x00007fd50009f540 Unloading class 0x0000000800c94400 'jdk/internal/reflect/GeneratedMethodAccessor2'
Event: 70.030 Thread 0x00007fd50009f540 Unloading class 0x0000000800c94000 'jdk/internal/reflect/GeneratedMethodAccessor1'
Event: 70.030 Thread 0x00007fd50009f540 Unloading class 0x0000000800c03400 'java/lang/invoke/LambdaForm$DMH+0x0000000800c03400'
Event: 931.641 Thread 0x00007fd50009f540 Unloading class 0x0000000800dabc00 'jdk/internal/reflect/GeneratedSerializationConstructorAccessor6'
Event: 977.207 Thread 0x00007fd50009f540 Unloading class 0x0000000800f00800 'jdk/internal/reflect/GeneratedSerializationConstructorAccessor5'

Classes redefined (0 events):
No events

Internal exceptions (20 events):
Event: 909.174 Thread 0x00007fd45c1a10f0 Exception <a 'java/lang/OutOfMemoryError'{0x00000000e0297570}> (0x00000000e0297570) 
thrown [src/hotspot/share/gc/shared/memAllocator.cpp, line 136]
Event: 919.585 Thread 0x00007fd48c320660 Exception <a 'java/lang/OutOfMemoryError'{0x00000000e0297250}> (0x00000000e0297250) 
thrown [src/hotspot/share/gc/shared/memAllocator.cpp, line 138]
Event: 919.585 Thread 0x00007fd48c320660 Implicit null exception at 0x00007fd4ef76b77e to 0x00007fd4ef76b88c
Event: 923.650 Thread 0x00007fd48c320660 Exception <a 'java/lang/OutOfMemoryError'{0x00000000e0297250}> (0x00000000e0297250) 
thrown [src/hotspot/share/gc/shared/memAllocator.cpp, line 138]
Event: 923.650 Thread 0x00007fd48c320660 Implicit null exception at 0x00007fd4ef7b406a to 0x00007fd4ef7b41a7
Event: 927.444 Thread 0x00007fd48c320660 Exception <a 'java/lang/OutOfMemoryError'{0x00000000e0297250}> (0x00000000e0297250) 
thrown [src/hotspot/share/gc/shared/memAllocator.cpp, line 138]
Event: 927.444 Thread 0x00007fd48c320660 Implicit null exception at 0x00007fd4ef749a5e to 0x00007fd4ef749ac3
Event: 930.624 Thread 0x00007fd48c320660 Exception <a 'java/lang/OutOfMemoryError'{0x00000000e0297570}> (0x00000000e0297570) 
thrown [src/hotspot/share/gc/shared/memAllocator.cpp, line 136]
Event: 1005.411 Thread 0x00007fd48c49f910 Exception <a 'java/lang/OutOfMemoryError'{0x00000000e0297228}> (0x00000000e0297228) 
thrown [src/hotspot/share/gc/shared/memAllocator.cpp, line 138]
Event: 1005.411 Thread 0x00007fd48c49f910 Implicit null exception at 0x00007fd4ef93bdb4 to 0x00007fd4ef93c457
Event: 1009.681 Thread 0x00007fd480341480 Exception <a 'java/lang/OutOfMemoryError'{0x00000000e0297548}> (0x00000000e0297548) 
thrown [src/hotspot/share/gc/shared/memAllocator.cpp, line 136]
Event: 1012.384 Thread 0x00007fd480341480 Exception <a 'java/lang/OutOfMemoryError'{0x00000000e0297548}> (0x00000000e0297548) 
thrown [src/hotspot/share/gc/shared/memAllocator.cpp, line 136]
Event: 1016.801 Thread 0x00007fd45c1b6520 Exception <a 'java/lang/OutOfMemoryError'{0x00000000e0297228}> (0x00000000e0297228) 
thrown [src/hotspot/share/gc/shared/memAllocator.cpp, line 138]
Event: 1016.801 Thread 0x00007fd45c1b6520 Implicit null exception at 0x00007fd4ef93fed0 to 0x00007fd4ef9404b4
Event: 1019.402 Thread 0x00007fd45c1b6520 Exception <a 'java/lang/OutOfMemoryError'{0x00000000e0297548}> (0x00000000e0297548) 
thrown [src/hotspot/share/gc/shared/memAllocator.cpp, line 136]
Event: 1054.096 Thread 0x00007fd48c320660 Exception <a 'java/lang/OutOfMemoryError'{0x00000000e0297518}> (0x00000000e0297518) 
thrown [src/hotspot/share/gc/shared/memAllocator.cpp, line 136]
Event: 1078.725 Thread 0x00007fd480000e40 Exception <a 'java/lang/OutOfMemoryError'{0x00000000e0297518}> (0x00000000e0297518) 
thrown [src/hotspot/share/gc/shared/memAllocator.cpp, line 136]
Event: 1098.138 Thread 0x00007fd480341480 Exception <a 'java/lang/OutOfMemoryError'{0x00000000e0297518}> (0x00000000e0297518) 
thrown [src/hotspot/share/gc/shared/memAllocator.cpp, line 136]
Event: 1120.848 Thread 0x00007fd5000af9a0 Exception <a 'java/lang/OutOfMemoryError'{0x00000000e0297518}> (0x00000000e0297518) 
thrown [src/hotspot/share/gc/shared/memAllocator.cpp, line 136]
Event: 1123.802 Thread 0x00007fd5000af9a0 Exception <a 'java/lang/OutOfMemoryError'{0x00000000e0297518}> (0x00000000e0297518) 
thrown [src/hotspot/share/gc/shared/memAllocator.cpp, line 136]

VM Operations (20 events):
Event: 1107.554 Executing VM operation: ParallelGCFailedAllocation
Event: 1108.848 Executing VM operation: ParallelGCFailedAllocation done
Event: 1108.848 Executing VM operation: ParallelGCFailedAllocation
Event: 1110.188 Executing VM operation: ParallelGCFailedAllocation done
Event: 1110.189 Executing VM operation: ParallelGCFailedAllocation
Event: 1111.654 Executing VM operation: ParallelGCFailedAllocation done
Event: 1111.654 Executing VM operation: ParallelGCFailedAllocation
Event: 1113.001 Executing VM operation: ParallelGCFailedAllocation done
Event: 1113.001 Executing VM operation: ParallelGCFailedAllocation
Event: 1114.302 Executing VM operation: ParallelGCFailedAllocation done
Event: 1114.303 Executing VM operation: ParallelGCFailedAllocation
Event: 1115.686 Executing VM operation: ParallelGCFailedAllocation done
Event: 1115.686 Executing VM operation: ParallelGCFailedAllocation
Event: 1116.918 Executing VM operation: ParallelGCFailedAllocation done
Event: 1116.918 Executing VM operation: ParallelGCFailedAllocation
Event: 1118.227 Executing VM operation: ParallelGCFailedAllocation done
Event: 1118.276 Executing VM operation: ParallelGCFailedAllocation
Event: 1120.848 Executing VM operation: ParallelGCFailedAllocation done
Event: 1120.848 Executing VM operation: ParallelGCFailedAllocation
Event: 1123.802 Executing VM operation: ParallelGCFailedAllocation done

Events (20 events):
Event: 1025.150 loading class java/lang/StackWalker$ExtendedOption done
Event: 1025.150 loading class java/lang/StackStreamFactory$StackFrameTraverser
Event: 1026.952 loading class java/lang/StackStreamFactory$StackFrameTraverser done
Event: 1028.352 Thread 0x00007fd5003d5940 Thread exited: 0x00007fd5003d5940
Event: 1029.777 loading class java/lang/Throwable$WrappedPrintWriter
Event: 1029.777 loading class java/lang/StackStreamFactory$WalkerState
Event: 1029.777 loading class java/lang/StackStreamFactory$WalkerState done
Event: 1029.777 loading class java/lang/StackStreamFactory$1
Event: 1029.777 loading class java/lang/StackStreamFactory$1 done
Event: 1029.777 loading class java/lang/StackStreamFactory$StackFrameTraverser$StackFrameBuffer
Event: 1029.778 loading class java/lang/StackStreamFactory$FrameBuffer
Event: 1036.571 loading class java/lang/Throwable$WrappedPrintWriter done
Event: 1036.571 loading class java/lang/StackStreamFactory$FrameBuffer done
Event: 1036.571 loading class java/lang/StackStreamFactory$StackFrameTraverser$StackFrameBuffer done
Event: 1054.096 loading class java/security/PrivilegedActionException
Event: 1054.096 loading class java/security/PrivilegedActionException done
Event: 1088.618 loading class java/util/concurrent/locks/ReentrantReadWriteLock$Sync$HoldCounter
Event: 1088.618 loading class java/util/concurrent/locks/ReentrantReadWriteLock$Sync$HoldCounter done
Event: 1120.848 loading class jdk/vm/ci/hotspot/TranslatedException
Event: 1123.802 loading class jdk/vm/ci/hotspot/TranslatedException done


Dynamic libraries:
e0000000-f5580000 rw-p 00000000 00:00 0 
f5580000-f8c00000 rw-p 00000000 00:00 0 
f8c00000-100000000 ---p 00000000 00:00 0 
800000000-80042b000 rw-p 00001000 08:40 244849279                        /store/jd8g6gkgxzz40842f1g51fca5bg9ilmj-graalvm17-ce/lib/server/classes.jsa
80042b000-800bb6000 r--p 0042c000 08:40 244849279                        /store/jd8g6gkgxzz40842f1g51fca5bg9ilmj-graalvm17-ce/lib/server/classes.jsa
800bb6000-800c00000 ---p 00000000 00:00 0 
800c00000-800c20000 rw-p 00000000 00:00 0 
800c20000-800c40000 rw-p 00000000 00:00 0 
800c40000-800cc0000 rw-p 00000000 00:00 0 
800cc0000-800d00000 rw-p 00000000 00:00 0 
800d00000-800dc0000 rw-p 00000000 00:00 0 
800dc0000-800e00000 rw-p 00000000 00:00 0 
800e00000-800f40000 rw-p 00000000 00:00 0 
800f40000-800fc0000 rw-p 00000000 00:00 0 
800fc0000-801000000 rw-p 00000000 00:00 0 
801000000-801170000 rw-p 00000000 00:00 0 
801170000-840c00000 ---p 00000000 00:00 0 
5643ed07e000-5643ed07f000 r-xp 00000000 08:40 244465967                  /store/jd8g6gkgxzz40842f1g51fca5bg9ilmj-graalvm17-ce/bin/.java-wrapped
5643ed080000-5643ed081000 r--p 00001000 08:40 244465967                  /store/jd8g6gkgxzz40842f1g51fca5bg9ilmj-graalvm17-ce/bin/.java-wrapped
5643ed081000-5643ed082000 rw-p 00002000 08:40 244465967                  /store/jd8g6gkgxzz40842f1g51fca5bg9ilmj-graalvm17-ce/bin/.java-wrapped
5643ed082000-5643ed083000 rw-p 00004000 08:40 244465967                  /store/jd8g6gkgxzz40842f1g51fca5bg9ilmj-graalvm17-ce/bin/.java-wrapped
5643ed083000-5643ed084000 rw-p 00005000 08:40 244465967                  /store/jd8g6gkgxzz40842f1g51fca5bg9ilmj-graalvm17-ce/bin/.java-wrapped
5643ee6de000-5643ee6ff000 rw-p 00000000 00:00 0                          [heap]
7fd444000000-7fd444021000 rw-p 00000000 00:00 0 
7fd444021000-7fd448000000 ---p 00000000 00:00 0 
7fd449567000-7fd449afe000 rw-p 00000000 00:00 0 
7fd449afe000-7fd449b02000 ---p 00000000 00:00 0 
7fd449b02000-7fd449bff000 rw-p 00000000 00:00 0 
7fd449bff000-7fd449c03000 ---p 00000000 00:00 0 
7fd449c03000-7fd449e00000 rw-p 00000000 00:00 0 
7fd449f00000-7fd44a000000 rw-p 00000000 00:00 0 
7fd44a100000-7fd44a200000 rw-p 00000000 00:00 0 
7fd44a300000-7fd44a400000 rw-p 00000000 00:00 0 
7fd44a500000-7fd44a600000 rw-p 00000000 00:00 0 
7fd44a700000-7fd44a800000 rw-p 00000000 00:00 0 
7fd44a900000-7fd44aa00000 rw-p 00000000 00:00 0 
7fd44ab00000-7fd44ac00000 rw-p 00000000 00:00 0 
7fd44ac69000-7fd454000000 r--s 00000000 08:40 244745985                  /store/jd8g6gkgxzz40842f1g51fca5bg9ilmj-graalvm17-ce/lib/modules
7fd454000000-7fd4540e1000 rw-p 00000000 00:00 0 
7fd4540e1000-7fd458000000 ---p 00000000 00:00 0 
7fd458000000-7fd458021000 rw-p 00000000 00:00 0 
7fd458021000-7fd45c000000 ---p 00000000 00:00 0 
7fd45c000000-7fd45c1be000 rw-p 00000000 00:00 0 
7fd45c1be000-7fd460000000 ---p 00000000 00:00 0 
7fd460000000-7fd460053000 rw-p 00000000 00:00 0 
7fd460053000-7fd464000000 ---p 00000000 00:00 0 
7fd464000000-7fd464021000 rw-p 00000000 00:00 0 
7fd464021000-7fd468000000 ---p 00000000 00:00 0 
7fd468000000-7fd4680f3000 rw-p 00000000 00:00 0 
7fd4680f3000-7fd46c000000 ---p 00000000 00:00 0 
7fd46c000000-7fd46c021000 rw-p 00000000 00:00 0 
7fd46c021000-7fd470000000 ---p 00000000 00:00 0 
7fd470000000-7fd470100000 rw-p 00000000 00:00 0 
7fd470200000-7fd470300000 rw-p 00000000 00:00 0 
7fd470400000-7fd470500000 rw-p 00000000 00:00 0 
7fd470600000-7fd470700000 rw-p 00000000 00:00 0 
7fd470800000-7fd470900000 rw-p 00000000 00:00 0 
7fd470a00000-7fd470b00000 rw-p 00000000 00:00 0 
7fd470c00000-7fd470d00000 rw-p 00000000 00:00 0 
7fd470e00000-7fd470f00000 rw-p 00000000 00:00 0 
7fd471000000-7fd471600000 rw-p 00000000 00:00 0 
7fd471600000-7fd471620000 rw-p 00000000 00:00 0 
7fd471620000-7fd471800000 ---p 00000000 00:00 0 
7fd4718ff000-7fd471903000 ---p 00000000 00:00 0 
7fd471903000-7fd471b00000 rw-p 00000000 00:00 0 
7fd471c00000-7fd471f00000 rw-p 00000000 00:00 0 
7fd471f00000-7fd472000000 rw-p 00000000 00:00 0 
7fd472000000-7fd472400000 rw-p 00000000 00:00 0 
7fd472500000-7fd472600000 rw-p 00000000 00:00 0 
7fd4726ff000-7fd472703000 ---p 00000000 00:00 0 
7fd472703000-7fd472900000 rw-p 00000000 00:00 0 
7fd472900000-7fd472a00000 rw-p 00000000 00:00 0 
7fd472a00000-7fd472ae0000 rw-p 00000000 00:00 0 
7fd472ae0000-7fd472b00000 rw-p 00000000 00:00 0 
7fd472b00000-7fd472d00000 rw-p 00000000 00:00 0 
7fd472d00000-7fd472f80000 rw-p 00000000 00:00 0 
7fd472f80000-7fd473000000 rw-p 00000000 00:00 0 
7fd4730fe000-7fd473102000 ---p 00000000 00:00 0 
7fd473102000-7fd4731ff000 rw-p 00000000 00:00 0 
7fd4731ff000-7fd473203000 ---p 00000000 00:00 0 
7fd473203000-7fd473400000 rw-p 00000000 00:00 0 
7fd4734fd000-7fd473501000 ---p 00000000 00:00 0 
7fd473501000-7fd4735fe000 rw-p 00000000 00:00 0 
7fd4735fe000-7fd473602000 ---p 00000000 00:00 0 
7fd473602000-7fd4736ff000 rw-p 00000000 00:00 0 
7fd4736ff000-7fd473703000 ---p 00000000 00:00 0 
7fd473703000-7fd473900000 rw-p 00000000 00:00 0 
7fd473900000-7fd473a00000 rw-p 00000000 00:00 0 
7fd473a00000-7fd473d00000 rw-p 00000000 00:00 0 
7fd473d00000-7fd473e00000 rw-p 00000000 00:00 0 
7fd473e00000-7fd474000000 rw-p 00000000 00:00 0 
7fd474000000-7fd474062000 rw-p 00000000 00:00 0 
7fd474062000-7fd478000000 ---p 00000000 00:00 0 
7fd478000000-7fd47805f000 rw-p 00000000 00:00 0 
7fd47805f000-7fd47c000000 ---p 00000000 00:00 0 
7fd47c000000-7fd47c021000 rw-p 00000000 00:00 0 
7fd47c021000-7fd480000000 ---p 00000000 00:00 0 
7fd480000000-7fd480380000 rw-p 00000000 00:00 0 
7fd480380000-7fd484000000 ---p 00000000 00:00 0 
7fd484000000-7fd484021000 rw-p 00000000 00:00 0 
7fd484021000-7fd488000000 ---p 00000000 00:00 0 
7fd488000000-7fd488079000 rw-p 00000000 00:00 0 
7fd488079000-7fd48c000000 ---p 00000000 00:00 0 
7fd48c000000-7fd48c8cf000 rw-p 00000000 00:00 0 
7fd48c8cf000-7fd490000000 ---p 00000000 00:00 0 
7fd490000000-7fd490024000 rw-p 00000000 00:00 0 
7fd490024000-7fd494000000 ---p 00000000 00:00 0 
7fd494000000-7fd494021000 rw-p 00000000 00:00 0 
7fd494021000-7fd498000000 ---p 00000000 00:00 0 
7fd498000000-7fd498021000 rw-p 00000000 00:00 0 
7fd498021000-7fd49c000000 ---p 00000000 00:00 0 
7fd49c0fb000-7fd49c0ff000 ---p 00000000 00:00 0 
7fd49c0ff000-7fd49c1fc000 rw-p 00000000 00:00 0 
7fd49c1fc000-7fd49c200000 ---p 00000000 00:00 0 
7fd49c200000-7fd49c2fd000 rw-p 00000000 00:00 0 
7fd49c2fd000-7fd49c301000 ---p 00000000 00:00 0 
7fd49c301000-7fd49c3fe000 rw-p 00000000 00:00 0 
7fd49c3fe000-7fd49c402000 ---p 00000000 00:00 0 
7fd49c402000-7fd49c4ff000 rw-p 00000000 00:00 0 
7fd49c4ff000-7fd49c503000 ---p 00000000 00:00 0 
7fd49c503000-7fd49c700000 rw-p 00000000 00:00 0 
7fd49c800000-7fd49c900000 rw-p 00000000 00:00 0 
7fd49c900000-7fd49ca00000 rw-p 00000000 00:00 0 
7fd49ca00000-7fd49cb00000 rw-p 00000000 00:00 0 
7fd49cb00000-7fd49cc00000 rw-p 00000000 00:00 0 
7fd49cc00000-7fd49d000000 rw-p 00000000 00:00 0 
7fd49d0eb000-7fd49d0ef000 ---p 00000000 00:00 0 
7fd49d0ef000-7fd49d1ec000 rw-p 00000000 00:00 0 
7fd49d1ec000-7fd49d1fc000 r-xp 00000000 00:1278 349                      /.cache/jdt-language-server/config/org.eclipse.equinox.launcher/org.eclipse.equinox.launcher.gtk.linux.x86_64_1.2.400.v20211117-0650/eclipse_11600.so
7fd49d1fc000-7fd49d3fb000 ---p 00010000 00:1278 349                      /.cache/jdt-language-server/config/org.eclipse.equinox.launcher/org.eclipse.equinox.launcher.gtk.linux.x86_64_1.2.400.v20211117-0650/eclipse_11600.so
7fd49d3fb000-7fd49d3fc000 r--p 0000f000 00:1278 349                      /.cache/jdt-language-server/config/org.eclipse.equinox.launcher/org.eclipse.equinox.launcher.gtk.linux.x86_64_1.2.400.v20211117-0650/eclipse_11600.so
7fd49d3fc000-7fd49d3fd000 rw-p 00010000 00:1278 349                      /.cache/jdt-language-server/config/org.eclipse.equinox.launcher/org.eclipse.equinox.launcher.gtk.linux.x86_64_1.2.400.v20211117-0650/eclipse_11600.so
7fd49d3fd000-7fd49d401000 ---p 00000000 00:00 0 
7fd49d401000-7fd49d4fe000 rw-p 00000000 00:00 0 
7fd49d4fe000-7fd49d502000 ---p 00000000 00:00 0 
7fd49d502000-7fd49d5ff000 rw-p 00000000 00:00 0 
7fd49d5ff000-7fd49d603000 ---p 00000000 00:00 0 
7fd49d603000-7fd49d800000 rw-p 00000000 00:00 0 
7fd49d8ff000-7fd49d903000 ---p 00000000 00:00 0 
7fd49d903000-7fd49db00000 rw-p 00000000 00:00 0 
7fd49dc00000-7fd49dd00000 rw-p 00000000 00:00 0 
7fd49de00000-7fd49df00000 rw-p 00000000 00:00 0 
7fd49e000000-7fd49e100000 rw-p 00000000 00:00 0 
7fd49e200000-7fd49e300000 rw-p 00000000 00:00 0 
7fd49e400000-7fd49e500000 rw-p 00000000 00:00 0 
7fd49e600000-7fd49e700000 rw-p 00000000 00:00 0 
7fd49e800000-7fd49e900000 rw-p 00000000 00:00 0 
7fd49ea00000-7fd49eb00000 rw-p 00000000 00:00 0 
7fd49ec00000-7fd49ed00000 rw-p 00000000 00:00 0 
7fd49ee00000-7fd49ef00000 rw-p 00000000 00:00 0 
7fd49f000000-7fd49f100000 rw-p 00000000 00:00 0 
7fd49f200000-7fd49f300000 rw-p 00000000 00:00 0 
7fd49f400000-7fd49f500000 rw-p 00000000 00:00 0 
7fd49f600000-7fd49f700000 rw-p 00000000 00:00 0 
7fd49f800000-7fd49f900000 rw-p 00000000 00:00 0 
7fd49fa00000-7fd49fb00000 rw-p 00000000 00:00 0 
7fd49fc00000-7fd49fd00000 rw-p 00000000 00:00 0 
7fd49fe00000-7fd49ff00000 rw-p 00000000 00:00 0 
7fd4a0000000-7fd4a0021000 rw-p 00000000 00:00 0 
7fd4a0021000-7fd4a4000000 ---p 00000000 00:00 0 
7fd4a4100000-7fd4a4200000 rw-p 00000000 00:00 0 
7fd4a4300000-7fd4a4400000 rw-p 00000000 00:00 0 
7fd4a44ff000-7fd4a4503000 ---p 00000000 00:00 0 
7fd4a4503000-7fd4a4700000 rw-p 00000000 00:00 0 
7fd4a4800000-7fd4a4900000 rw-p 00000000 00:00 0 
7fd4a4a00000-7fd4a4b00000 rw-p 00000000 00:00 0 
7fd4a4c00000-7fd4a4d00000 rw-p 00000000 00:00 0 
7fd4a4e00000-7fd4a4f00000 rw-p 00000000 00:00 0 
7fd4a5000000-7fd4a5100000 rw-p 00000000 00:00 0 
7fd4a5200000-7fd4a5300000 rw-p 00000000 00:00 0 
7fd4a5400000-7fd4a5500000 rw-p 00000000 00:00 0 
7fd4a5600000-7fd4a5700000 rw-p 00000000 00:00 0 
7fd4a5800000-7fd4a5900000 rw-p 00000000 00:00 0 
7fd4a5a00000-7fd4a5b00000 rw-p 00000000 00:00 0 
7fd4a5c00000-7fd4a5d00000 rw-p 00000000 00:00 0 
7fd4a5e00000-7fd4a5f00000 rw-p 00000000 00:00 0 
7fd4a6000000-7fd4a6100000 rw-p 00000000 00:00 0 
7fd4a6200000-7fd4a6300000 rw-p 00000000 00:00 0 
7fd4a6400000-7fd4a6500000 rw-p 00000000 00:00 0 
7fd4a6600000-7fd4a6700000 rw-p 00000000 00:00 0 
7fd4a6800000-7fd4a6900000 rw-p 00000000 00:00 0 
7fd4a6a00000-7fd4a6b00000 rw-p 00000000 00:00 0 
7fd4a6c00000-7fd4a6d00000 rw-p 00000000 00:00 0 
7fd4a6e00000-7fd4a6f00000 rw-p 00000000 00:00 0 
7fd4a7000000-7fd4a7100000 rw-p 00000000 00:00 0 
7fd4a7200000-7fd4a7300000 rw-p 00000000 00:00 0 
7fd4a7400000-7fd4a7500000 rw-p 00000000 00:00 0 
7fd4a7600000-7fd4a7700000 rw-p 00000000 00:00 0 
7fd4a7800000-7fd4a7900000 rw-p 00000000 00:00 0 
7fd4a7a00000-7fd4a7b00000 rw-p 00000000 00:00 0 
7fd4a7c00000-7fd4a7d00000 rw-p 00000000 00:00 0 
7fd4a7e00000-7fd4a7f00000 rw-p 00000000 00:00 0 
7fd4a8000000-7fd4a8055000 rw-p 00000000 00:00 0 
7fd4a8055000-7fd4ac000000 ---p 00000000 00:00 0 
7fd4ac000000-7fd4ac100000 rw-p 00000000 00:00 0 
7fd4ac200000-7fd4ac300000 rw-p 00000000 00:00 0 
7fd4ac400000-7fd4ac500000 rw-p 00000000 00:00 0 
7fd4ac600000-7fd4ac700000 rw-p 00000000 00:00 0 
7fd4ac800000-7fd4ac900000 rw-p 00000000 00:00 0 
7fd4aca00000-7fd4acb00000 rw-p 00000000 00:00 0 
7fd4acc00000-7fd4acd00000 rw-p 00000000 00:00 0 
7fd4ace00000-7fd4acf00000 rw-p 00000000 00:00 0 
7fd4ad000000-7fd4ad100000 rw-p 00000000 00:00 0 
7fd4ad200000-7fd4ad300000 rw-p 00000000 00:00 0 
7fd4ad400000-7fd4ad500000 rw-p 00000000 00:00 0 
7fd4ad600000-7fd4ad700000 rw-p 00000000 00:00 0 
7fd4ad800000-7fd4ad900000 rw-p 00000000 00:00 0 
7fd4ada00000-7fd4adb00000 rw-p 00000000 00:00 0 
7fd4adc00000-7fd4add00000 rw-p 00000000 00:00 0 
7fd4ade00000-7fd4adf00000 rw-p 00000000 00:00 0 
7fd4ae000000-7fd4ae100000 rw-p 00000000 00:00 0 
7fd4ae200000-7fd4ae300000 rw-p 00000000 00:00 0 
7fd4ae400000-7fd4ae500000 rw-p 00000000 00:00 0 
7fd4ae600000-7fd4ae700000 rw-p 00000000 00:00 0 
7fd4ae800000-7fd4ae900000 rw-p 00000000 00:00 0 
7fd4aea00000-7fd4aeb00000 rw-p 00000000 00:00 0 
7fd4aec00000-7fd4aed00000 rw-p 00000000 00:00 0 
7fd4aee00000-7fd4aef00000 rw-p 00000000 00:00 0 
7fd4af000000-7fd4af100000 rw-p 00000000 00:00 0 
7fd4af200000-7fd4af300000 rw-p 00000000 00:00 0 
7fd4af400000-7fd4af500000 rw-p 00000000 00:00 0 
7fd4af600000-7fd4af700000 rw-p 00000000 00:00 0 
7fd4af7ff000-7fd4af800000 ---p 00000000 00:00 0 
7fd4af800000-7fd4af801000 rw-p 00000000 00:00 0 
7fd4af801000-7fd4af805000 ---p 00000000 00:00 0 
7fd4af805000-7fd4b0000000 rw-p 00000000 00:00 0 
7fd4b0000000-7fd4b0021000 rw-p 00000000 00:00 0 
7fd4b0021000-7fd4b4000000 ---p 00000000 00:00 0 
7fd4b4000000-7fd4b4021000 rw-p 00000000 00:00 0 
7fd4b4021000-7fd4b8000000 ---p 00000000 00:00 0 
7fd4b8000000-7fd4b8021000 rw-p 00000000 00:00 0 
7fd4b8021000-7fd4bc000000 ---p 00000000 00:00 0 
7fd4bc000000-7fd4bc021000 rw-p 00000000 00:00 0 
7fd4bc021000-7fd4c0000000 ---p 00000000 00:00 0 
7fd4c0000000-7fd4c00d2000 rw-p 00000000 00:00 0 
7fd4c00d2000-7fd4c4000000 ---p 00000000 00:00 0 
7fd4c4000000-7fd4c47ba000 rw-p 00000000 00:00 0 
7fd4c47ba000-7fd4c8000000 ---p 00000000 00:00 0 
7fd4c8000000-7fd4c8021000 rw-p 00000000 00:00 0 
7fd4c8021000-7fd4cc000000 ---p 00000000 00:00 0 
7fd4cc000000-7fd4cc021000 rw-p 00000000 00:00 0 
7fd4cc021000-7fd4d0000000 ---p 00000000 00:00 0 
7fd4d0000000-7fd4d0021000 rw-p 00000000 00:00 0 
7fd4d0021000-7fd4d4000000 ---p 00000000 00:00 0 
7fd4d4000000-7fd4d4021000 rw-p 00000000 00:00 0 
7fd4d4021000-7fd4d8000000 ---p 00000000 00:00 0 
7fd4d8000000-7fd4d8021000 rw-p 00000000 00:00 0 
7fd4d8021000-7fd4dc000000 ---p 00000000 00:00 0 
7fd4dc000000-7fd4dc021000 rw-p 00000000 00:00 0 
7fd4dc021000-7fd4e0000000 ---p 00000000 00:00 0 
7fd4e0000000-7fd4e0066000 rw-p 00000000 00:00 0 
7fd4e0066000-7fd4e4000000 ---p 00000000 00:00 0 
7fd4e4000000-7fd4e4100000 rw-p 00000000 00:00 0 
7fd4e4200000-7fd4e4300000 rw-p 00000000 00:00 0 
7fd4e4400000-7fd4e4500000 ---p 00000000 00:00 0 
7fd4e4500000-7fd4e4a60000 r--p 01194000 08:40 244731092                  /store/jd8g6gkgxzz40842f1g51fca5bg9ilmj-graalvm17-ce/lib/libjvmcicompiler.so
7fd4e4a60000-7fd4e4b00000 r--p 00000000 00:00 0 
7fd4e4b00000-7fd4e4bde000 rw-p 00000000 00:00 0 
7fd4e4bde000-7fd4e5143000 rw-p 01872000 08:40 244731092                  /store/jd8g6gkgxzz40842f1g51fca5bg9ilmj-graalvm17-ce/lib/libjvmcicompiler.so
7fd4e5143000-7fd4e569c000 r--p 01dd7000 08:40 244731092                  /store/jd8g6gkgxzz40842f1g51fca5bg9ilmj-graalvm17-ce/lib/libjvmcicompiler.so
7fd4e572d000-7fd4e7a61000 r-xp 00000000 08:40 244731092                  /store/jd8g6gkgxzz40842f1g51fca5bg9ilmj-graalvm17-ce/lib/libjvmcicompiler.so
7fd4e7a61000-7fd4e7c60000 ---p 02334000 08:40 244731092                  /store/jd8g6gkgxzz40842f1g51fca5bg9ilmj-graalvm17-ce/lib/libjvmcicompiler.so
7fd4e7c60000-7fd4e7c61000 r--p 02333000 08:40 244731092                  /store/jd8g6gkgxzz40842f1g51fca5bg9ilmj-graalvm17-ce/lib/libjvmcicompiler.so
7fd4e7c61000-7fd4e7c63000 rw-p 02334000 08:40 244731092                  /store/jd8g6gkgxzz40842f1g51fca5bg9ilmj-graalvm17-ce/lib/libjvmcicompiler.so
7fd4e7c63000-7fd4e7c64000 rw-p 00000000 00:00 0 
7fd4e7c64000-7fd4e7c69000 rw-p 025c7000 08:40 244731092                  /store/jd8g6gkgxzz40842f1g51fca5bg9ilmj-graalvm17-ce/lib/libjvmcicompiler.so
7fd4e7c69000-7fd4e7ed9000 rwxp 00000000 00:00 0 
7fd4e7ed9000-7fd4e81f8000 ---p 00000000 00:00 0 
7fd4e81f8000-7fd4e8ef8000 rwxp 00000000 00:00 0 
7fd4e8ef8000-7fd4ef730000 ---p 00000000 00:00 0 
7fd4ef730000-7fd4ef9a0000 rwxp 00000000 00:00 0 
7fd4ef9a0000-7fd4f6c69000 ---p 00000000 00:00 0 
7fd4f6c69000-7fd500000000 r--s 00000000 08:40 244745985                  /store/jd8g6gkgxzz40842f1g51fca5bg9ilmj-graalvm17-ce/lib/modules
7fd500000000-7fd50061a000 rw-p 00000000 00:00 0 
7fd50061a000-7fd504000000 ---p 00000000 00:00 0 
7fd504100000-7fd504200000 rw-p 00000000 00:00 0 
7fd50426f000-7fd504400000 rw-p 00000000 00:00 0 
7fd50443e000-7fd5044c6000 rw-p 00000000 00:00 0 
7fd5044c6000-7fd5044ca000 r--p 00000000 08:40 145499051                  /store/65hafbsx91127farbmyyv4r5ifgjdg43-glibc-2.33-117/lib/libresolv-2.33.so
7fd5044ca000-7fd5044d6000 r-xp 00004000 08:40 145499051                  /store/65hafbsx91127farbmyyv4r5ifgjdg43-glibc-2.33-117/lib/libresolv-2.33.so
7fd5044d6000-7fd5044d9000 r--p 00010000 08:40 145499051                  /store/65hafbsx91127farbmyyv4r5ifgjdg43-glibc-2.33-117/lib/libresolv-2.33.so
7fd5044d9000-7fd5044da000 ---p 00013000 08:40 145499051                  /store/65hafbsx91127farbmyyv4r5ifgjdg43-glibc-2.33-117/lib/libresolv-2.33.so
7fd5044da000-7fd5044db000 r--p 00013000 08:40 145499051                  /store/65hafbsx91127farbmyyv4r5ifgjdg43-glibc-2.33-117/lib/libresolv-2.33.so
7fd5044db000-7fd5044dc000 rw-p 00014000 08:40 145499051                  /store/65hafbsx91127farbmyyv4r5ifgjdg43-glibc-2.33-117/lib/libresolv-2.33.so
7fd5044dc000-7fd5044de000 rw-p 00000000 00:00 0 
7fd5044de000-7fd5044e2000 ---p 00000000 00:00 0 
7fd5044e2000-7fd504600000 rw-p 00000000 00:00 0 
7fd504608000-7fd50460a000 r-xp 00000000 08:40 244731041                  /store/jd8g6gkgxzz40842f1g51fca5bg9ilmj-graalvm17-ce/lib/libextnet.so
7fd50460a000-7fd50460b000 r--p 00001000 08:40 244731041                  /store/jd8g6gkgxzz40842f1g51fca5bg9ilmj-graalvm17-ce/lib/libextnet.so
7fd50460b000-7fd50460c000 rw-p 00002000 08:40 244731041                  /store/jd8g6gkgxzz40842f1g51fca5bg9ilmj-graalvm17-ce/lib/libextnet.so
7fd50460c000-7fd50460d000 rw-p 00004000 08:40 244731041                  /store/jd8g6gkgxzz40842f1g51fca5bg9ilmj-graalvm17-ce/lib/libextnet.so
7fd50460d000-7fd50460f000 r--p 00000000 08:40 145499038                  /store/65hafbsx91127farbmyyv4r5ifgjdg43-glibc-2.33-117/lib/libnss_dns-2.33.so
7fd50460f000-7fd504612000 r-xp 00002000 08:40 145499038                  /store/65hafbsx91127farbmyyv4r5ifgjdg43-glibc-2.33-117/lib/libnss_dns-2.33.so
7fd504612000-7fd504613000 r--p 00005000 08:40 145499038                  /store/65hafbsx91127farbmyyv4r5ifgjdg43-glibc-2.33-117/lib/libnss_dns-2.33.so
7fd504613000-7fd504614000 r--p 00005000 08:40 145499038                  /store/65hafbsx91127farbmyyv4r5ifgjdg43-glibc-2.33-117/lib/libnss_dns-2.33.so
7fd504614000-7fd504615000 rw-p 00006000 08:40 145499038                  /store/65hafbsx91127farbmyyv4r5ifgjdg43-glibc-2.33-117/lib/libnss_dns-2.33.so
7fd504615000-7fd50461c000 r-xp 00000000 08:40 244745984                  /store/jd8g6gkgxzz40842f1g51fca5bg9ilmj-graalvm17-ce/lib/libzip.so
7fd50461c000-7fd50461d000 ---p 00007000 08:40 244745984                  /store/jd8g6gkgxzz40842f1g51fca5bg9ilmj-graalvm17-ce/lib/libzip.so
7fd50461d000-7fd50461e000 r--p 00007000 08:40 244745984                  /store/jd8g6gkgxzz40842f1g51fca5bg9ilmj-graalvm17-ce/lib/libzip.so
7fd50461e000-7fd50461f000 rw-p 00008000 08:40 244745984                  /store/jd8g6gkgxzz40842f1g51fca5bg9ilmj-graalvm17-ce/lib/libzip.so
7fd50461f000-7fd504621000 rw-p 0000b000 08:40 244745984                  /store/jd8g6gkgxzz40842f1g51fca5bg9ilmj-graalvm17-ce/lib/libzip.so
7fd504621000-7fd504636000 r-xp 00000000 08:40 244745973                  /store/jd8g6gkgxzz40842f1g51fca5bg9ilmj-graalvm17-ce/lib/libnet.so
7fd504636000-7fd504637000 ---p 00015000 08:40 244745973                  /store/jd8g6gkgxzz40842f1g51fca5bg9ilmj-graalvm17-ce/lib/libnet.so
7fd504637000-7fd504638000 r--p 00015000 08:40 244745973                  /store/jd8g6gkgxzz40842f1g51fca5bg9ilmj-graalvm17-ce/lib/libnet.so
7fd504638000-7fd504639000 rw-p 00016000 08:40 244745973                  /store/jd8g6gkgxzz40842f1g51fca5bg9ilmj-graalvm17-ce/lib/libnet.so
7fd504639000-7fd50463c000 rw-p 0001b000 08:40 244745973                  /store/jd8g6gkgxzz40842f1g51fca5bg9ilmj-graalvm17-ce/lib/libnet.so
7fd50463c000-7fd50463d000 ---p 00000000 00:00 0 
7fd50463d000-7fd50473e000 rw-p 00000000 00:00 0 
7fd50473e000-7fd504742000 ---p 00000000 00:00 0 
7fd504742000-7fd50483f000 rw-p 00000000 00:00 0 
7fd50483f000-7fd504843000 ---p 00000000 00:00 0 
7fd504843000-7fd504940000 rw-p 00000000 00:00 0 
7fd504940000-7fd504944000 ---p 00000000 00:00 0 
7fd504944000-7fd504a41000 rw-p 00000000 00:00 0 
7fd504a41000-7fd504a45000 ---p 00000000 00:00 0 
7fd504a45000-7fd504c42000 rw-p 00000000 00:00 0 
7fd504c42000-7fd504c46000 ---p 00000000 00:00 0 
7fd504c46000-7fd504e43000 rw-p 00000000 00:00 0 
7fd504e43000-7fd504e47000 ---p 00000000 00:00 0 
7fd504e47000-7fd504f44000 rw-p 00000000 00:00 0 
7fd504f44000-7fd504f48000 ---p 00000000 00:00 0 
7fd504f48000-7fd505045000 rw-p 00000000 00:00 0 
7fd505045000-7fd505049000 ---p 00000000 00:00 0 
7fd505049000-7fd505146000 rw-p 00000000 00:00 0 
7fd505146000-7fd50542c000 r--p 00000000 fd:00 28444448                   /usr/lib/locale/locale-archive
7fd50542c000-7fd505430000 ---p 00000000 00:00 0 
7fd505430000-7fd50552d000 rw-p 00000000 00:00 0 
7fd50552d000-7fd505531000 ---p 00000000 00:00 0 
7fd505531000-7fd50562e000 rw-p 00000000 00:00 0 
7fd50562e000-7fd50562f000 ---p 00000000 00:00 0 
7fd50562f000-7fd505730000 rw-p 00000000 00:00 0 
7fd505730000-7fd5057fe000 r-xp 00000000 08:40 244745980                  /store/jd8g6gkgxzz40842f1g51fca5bg9ilmj-graalvm17-ce/lib/libsvml.so
7fd5057fe000-7fd5057ff000 r--p 000cd000 08:40 244745980                  /store/jd8g6gkgxzz40842f1g51fca5bg9ilmj-graalvm17-ce/lib/libsvml.so
7fd5057ff000-7fd505800000 rw-p 000ce000 08:40 244745980                  /store/jd8g6gkgxzz40842f1g51fca5bg9ilmj-graalvm17-ce/lib/libsvml.so
7fd505800000-7fd505c00000 rw-p 00000000 00:00 0 
7fd505c00000-7fd505d00000 rw-p 00000000 00:00 0 
7fd505d00000-7fd505e00000 rw-p 00000000 00:00 0 
7fd505e00000-7fd506000000 rw-p 00000000 00:00 0 
7fd506001000-7fd506014000 r-xp 00000000 08:40 244745974                  /store/jd8g6gkgxzz40842f1g51fca5bg9ilmj-graalvm17-ce/lib/libnio.so
7fd506014000-7fd506015000 r--p 00012000 08:40 244745974                  /store/jd8g6gkgxzz40842f1g51fca5bg9ilmj-graalvm17-ce/lib/libnio.so
7fd506015000-7fd506016000 rw-p 00013000 08:40 244745974                  /store/jd8g6gkgxzz40842f1g51fca5bg9ilmj-graalvm17-ce/lib/libnio.so
7fd506016000-7fd50601b000 rw-p 00019000 08:40 244745974                  /store/jd8g6gkgxzz40842f1g51fca5bg9ilmj-graalvm17-ce/lib/libnio.so
7fd50601b000-7fd5078f3000 rw-p 00000000 00:00 0 
7fd5078f3000-7fd5078f4000 ---p 00000000 00:00 0 
7fd5078f4000-7fd507a9f000 rw-p 00000000 00:00 0 
7fd507a9f000-7fd507abb000 rw-p 00000000 00:00 0 
7fd507abb000-7fd507af5000 ---p 00000000 00:00 0 
7fd507af5000-7fd507afb000 rw-p 00000000 00:00 0 
7fd507afb000-7fd507be1000 ---p 00000000 00:00 0 
7fd507be1000-7fd507bfb000 rw-p 00000000 00:00 0 
7fd507bfb000-7fd507ccc000 ---p 00000000 00:00 0 
7fd507ccc000-7fd507cd1000 rw-p 00000000 00:00 0 
7fd507cd1000-7fd507cd8000 ---p 00000000 00:00 0 
7fd507cd8000-7fd507cfc000 r-xp 00000000 08:40 244731048                  /store/jd8g6gkgxzz40842f1g51fca5bg9ilmj-graalvm17-ce/lib/libjava.so
7fd507cfc000-7fd507cfd000 ---p 00024000 08:40 244731048                  /store/jd8g6gkgxzz40842f1g51fca5bg9ilmj-graalvm17-ce/lib/libjava.so
7fd507cfd000-7fd507cfe000 r--p 00024000 08:40 244731048                  /store/jd8g6gkgxzz40842f1g51fca5bg9ilmj-graalvm17-ce/lib/libjava.so
7fd507cfe000-7fd507cff000 rw-p 00025000 08:40 244731048                  /store/jd8g6gkgxzz40842f1g51fca5bg9ilmj-graalvm17-ce/lib/libjava.so
7fd507cff000-7fd507d00000 rw-p 00000000 00:00 0 
7fd507d00000-7fd507d07000 rw-p 0002f000 08:40 244731048                  /store/jd8g6gkgxzz40842f1g51fca5bg9ilmj-graalvm17-ce/lib/libjava.so
7fd507d07000-7fd507d0f000 rw-s 00000000 00:1278 346                      /tmp/hsperfdata_runner/25
7fd507d0f000-7fd507d12000 r--p 00000000 08:40 145499041                  /store/65hafbsx91127farbmyyv4r5ifgjdg43-glibc-2.33-117/lib/libnss_files-2.33.so
7fd507d12000-7fd507d18000 r-xp 00003000 08:40 145499041                  /store/65hafbsx91127farbmyyv4r5ifgjdg43-glibc-2.33-117/lib/libnss_files-2.33.so
7fd507d18000-7fd507d1a000 r--p 00009000 08:40 145499041                  /store/65hafbsx91127farbmyyv4r5ifgjdg43-glibc-2.33-117/lib/libnss_files-2.33.so
7fd507d1a000-7fd507d1b000 r--p 0000a000 08:40 145499041                  /store/65hafbsx91127farbmyyv4r5ifgjdg43-glibc-2.33-117/lib/libnss_files-2.33.so
7fd507d1b000-7fd507d1c000 rw-p 0000b000 08:40 145499041                  /store/65hafbsx91127farbmyyv4r5ifgjdg43-glibc-2.33-117/lib/libnss_files-2.33.so
7fd507d1c000-7fd507d22000 rw-p 00000000 00:00 0 
7fd507d22000-7fd507d23000 ---p 00000000 00:00 0 
7fd507d23000-7fd507d24000 r--p 00000000 00:00 0 
7fd507d24000-7fd507d25000 rwxp 00000000 00:00 0 
7fd507d25000-7fd507d40000 r-xp 00000000 08:40 244731087                  /store/jd8g6gkgxzz40842f1g51fca5bg9ilmj-graalvm17-ce/lib/libjimage.so
7fd507d40000-7fd507d41000 ---p 0001b000 08:40 244731087                  /store/jd8g6gkgxzz40842f1g51fca5bg9ilmj-graalvm17-ce/lib/libjimage.so
7fd507d41000-7fd507d43000 r--p 0001b000 08:40 244731087                  /store/jd8g6gkgxzz40842f1g51fca5bg9ilmj-graalvm17-ce/lib/libjimage.so
7fd507d43000-7fd507d44000 rw-p 0001d000 08:40 244731087                  /store/jd8g6gkgxzz40842f1g51fca5bg9ilmj-graalvm17-ce/lib/libjimage.so
7fd507d44000-7fd507d45000 rw-p 00024000 08:40 244731087                  /store/jd8g6gkgxzz40842f1g51fca5bg9ilmj-graalvm17-ce/lib/libjimage.so
7fd507d45000-7fd507d49000 ---p 00000000 00:00 0 
7fd507d49000-7fd507e46000 rw-p 00000000 00:00 0 
7fd507e46000-7fd507e55000 r--p 00000000 08:40 145499023                  /store/65hafbsx91127farbmyyv4r5ifgjdg43-glibc-2.33-117/lib/libm-2.33.so
7fd507e55000-7fd507eec000 r-xp 0000f000 08:40 145499023                  /store/65hafbsx91127farbmyyv4r5ifgjdg43-glibc-2.33-117/lib/libm-2.33.so
7fd507eec000-7fd507f85000 r--p 000a6000 08:40 145499023                  /store/65hafbsx91127farbmyyv4r5ifgjdg43-glibc-2.33-117/lib/libm-2.33.so
7fd507f85000-7fd507f86000 r--p 0013e000 08:40 145499023                  /store/65hafbsx91127farbmyyv4r5ifgjdg43-glibc-2.33-117/lib/libm-2.33.so
7fd507f86000-7fd507f87000 rw-p 0013f000 08:40 145499023                  /store/65hafbsx91127farbmyyv4r5ifgjdg43-glibc-2.33-117/lib/libm-2.33.so
7fd507f87000-7fd507f8a000 r--p 00000000 08:40 145499054                  /store/65hafbsx91127farbmyyv4r5ifgjdg43-glibc-2.33-117/lib/librt-2.33.so
7fd507f8a000-7fd507f8e000 r-xp 00003000 08:40 145499054                  /store/65hafbsx91127farbmyyv4r5ifgjdg43-glibc-2.33-117/lib/librt-2.33.so
7fd507f8e000-7fd507f90000 r--p 00007000 08:40 145499054                  /store/65hafbsx91127farbmyyv4r5ifgjdg43-glibc-2.33-117/lib/librt-2.33.so
7fd507f90000-7fd507f91000 r--p 00008000 08:40 145499054                  /store/65hafbsx91127farbmyyv4r5ifgjdg43-glibc-2.33-117/lib/librt-2.33.so
7fd507f91000-7fd507f92000 rw-p 00009000 08:40 145499054                  /store/65hafbsx91127farbmyyv4r5ifgjdg43-glibc-2.33-117/lib/librt-2.33.so
7fd507f92000-7fd5090bc000 r-xp 00000000 08:40 244852281                  /store/jd8g6gkgxzz40842f1g51fca5bg9ilmj-graalvm17-ce/lib/server/libjvm.so
7fd5090bc000-7fd509171000 r--p 01129000 08:40 244852281                  /store/jd8g6gkgxzz40842f1g51fca5bg9ilmj-graalvm17-ce/lib/server/libjvm.so
7fd509171000-7fd5091a4000 rw-p 011de000 08:40 244852281                  /store/jd8g6gkgxzz40842f1g51fca5bg9ilmj-graalvm17-ce/lib/server/libjvm.so
7fd5091a4000-7fd509201000 rw-p 00000000 00:00 0 
7fd509201000-7fd509227000 r--p 00000000 08:40 145499011                  /store/65hafbsx91127farbmyyv4r5ifgjdg43-glibc-2.33-117/lib/libc-2.33.so
7fd509227000-7fd509379000 r-xp 00026000 08:40 145499011                  /store/65hafbsx91127farbmyyv4r5ifgjdg43-glibc-2.33-117/lib/libc-2.33.so
7fd509379000-7fd5093c7000 r--p 00178000 08:40 145499011                  /store/65hafbsx91127farbmyyv4r5ifgjdg43-glibc-2.33-117/lib/libc-2.33.so
7fd5093c7000-7fd5093ca000 r--p 001c5000 08:40 145499011                  /store/65hafbsx91127farbmyyv4r5ifgjdg43-glibc-2.33-117/lib/libc-2.33.so
7fd5093ca000-7fd5093cd000 rw-p 001c8000 08:40 145499011                  /store/65hafbsx91127farbmyyv4r5ifgjdg43-glibc-2.33-117/lib/libc-2.33.so
7fd5093cd000-7fd5093d8000 rw-p 00000000 00:00 0 
7fd5093d8000-7fd5093d9000 r--p 00000000 08:40 145499018                  /store/65hafbsx91127farbmyyv4r5ifgjdg43-glibc-2.33-117/lib/libdl-2.33.so
7fd5093d9000-7fd5093da000 r-xp 00001000 08:40 145499018                  /store/65hafbsx91127farbmyyv4r5ifgjdg43-glibc-2.33-117/lib/libdl-2.33.so
7fd5093da000-7fd5093db000 r--p 00002000 08:40 145499018                  /store/65hafbsx91127farbmyyv4r5ifgjdg43-glibc-2.33-117/lib/libdl-2.33.so
7fd5093db000-7fd5093dc000 r--p 00002000 08:40 145499018                  /store/65hafbsx91127farbmyyv4r5ifgjdg43-glibc-2.33-117/lib/libdl-2.33.so
7fd5093dc000-7fd5093dd000 rw-p 00003000 08:40 145499018                  /store/65hafbsx91127farbmyyv4r5ifgjdg43-glibc-2.33-117/lib/libdl-2.33.so
7fd5093dd000-7fd5093e4000 r--p 00000000 08:40 145499048                  /store/65hafbsx91127farbmyyv4r5ifgjdg43-glibc-2.33-117/lib/libpthread-2.33.so
7fd5093e4000-7fd5093f2000 r-xp 00007000 08:40 145499048                  /store/65hafbsx91127farbmyyv4r5ifgjdg43-glibc-2.33-117/lib/libpthread-2.33.so
7fd5093f2000-7fd5093f7000 r--p 00015000 08:40 145499048                  /store/65hafbsx91127farbmyyv4r5ifgjdg43-glibc-2.33-117/lib/libpthread-2.33.so
7fd5093f7000-7fd5093f8000 r--p 00019000 08:40 145499048                  /store/65hafbsx91127farbmyyv4r5ifgjdg43-glibc-2.33-117/lib/libpthread-2.33.so
7fd5093f8000-7fd5093f9000 rw-p 0001a000 08:40 145499048                  /store/65hafbsx91127farbmyyv4r5ifgjdg43-glibc-2.33-117/lib/libpthread-2.33.so
7fd5093f9000-7fd5093fd000 rw-p 00000000 00:00 0 
7fd5093fd000-7fd50940c000 r-xp 00000000 08:40 244731088                  /store/jd8g6gkgxzz40842f1g51fca5bg9ilmj-graalvm17-ce/lib/libjli.so
7fd50940c000-7fd50940d000 r--p 0000e000 08:40 244731088                  /store/jd8g6gkgxzz40842f1g51fca5bg9ilmj-graalvm17-ce/lib/libjli.so
7fd50940d000-7fd50940e000 rw-p 0000f000 08:40 244731088                  /store/jd8g6gkgxzz40842f1g51fca5bg9ilmj-graalvm17-ce/lib/libjli.so
7fd50940e000-7fd50940f000 rw-p 00012000 08:40 244731088                  /store/jd8g6gkgxzz40842f1g51fca5bg9ilmj-graalvm17-ce/lib/libjli.so
7fd50940f000-7fd509412000 r--p 00000000 08:40 210251260                  /store/p54p1kb7iinbg1135ibcfqbyh6j4x986-zlib-1.2.11/lib/libz.so.1.2.11
7fd509412000-7fd509423000 r-xp 00003000 08:40 210251260                  /store/p54p1kb7iinbg1135ibcfqbyh6j4x986-zlib-1.2.11/lib/libz.so.1.2.11
7fd509423000-7fd509429000 r--p 00014000 08:40 210251260                  /store/p54p1kb7iinbg1135ibcfqbyh6j4x986-zlib-1.2.11/lib/libz.so.1.2.11
7fd509429000-7fd50942a000 ---p 0001a000 08:40 210251260                  /store/p54p1kb7iinbg1135ibcfqbyh6j4x986-zlib-1.2.11/lib/libz.so.1.2.11
7fd50942a000-7fd50942b000 r--p 0001a000 08:40 210251260                  /store/p54p1kb7iinbg1135ibcfqbyh6j4x986-zlib-1.2.11/lib/libz.so.1.2.11
7fd50942b000-7fd50942c000 rw-p 0001b000 08:40 210251260                  /store/p54p1kb7iinbg1135ibcfqbyh6j4x986-zlib-1.2.11/lib/libz.so.1.2.11
7fd50942c000-7fd50942e000 rw-p 00000000 00:00 0 
7fd50942e000-7fd50942f000 r--p 00000000 08:40 145499002                  /store/65hafbsx91127farbmyyv4r5ifgjdg43-glibc-2.33-117/lib/ld-2.33.so
7fd50942f000-7fd509453000 r-xp 00001000 08:40 145499002                  /store/65hafbsx91127farbmyyv4r5ifgjdg43-glibc-2.33-117/lib/ld-2.33.so
7fd509453000-7fd50945d000 r--p 00025000 08:40 145499002                  /store/65hafbsx91127farbmyyv4r5ifgjdg43-glibc-2.33-117/lib/ld-2.33.so
7fd50945d000-7fd50945f000 r--p 0002e000 08:40 145499002                  /store/65hafbsx91127farbmyyv4r5ifgjdg43-glibc-2.33-117/lib/ld-2.33.so
7fd50945f000-7fd509461000 rw-p 00030000 08:40 145499002                  /store/65hafbsx91127farbmyyv4r5ifgjdg43-glibc-2.33-117/lib/ld-2.33.so
7ffc2000b000-7ffc2002e000 rw-p 00000000 00:00 0                          [stack]
7ffc201ca000-7ffc201ce000 r--p 00000000 00:00 0                          [vvar]
7ffc201ce000-7ffc201d0000 r-xp 00000000 00:00 0                          [vdso]
ffffffffff600000-ffffffffff601000 r-xp 00000000 00:00 0                  [vsyscall]


VM Arguments:
jvm_args: -XX:ThreadPriorityPolicy=1 -XX:+UnlockExperimentalVMOptions -XX:+EnableJVMCIProduct -XX:-UnlockExperimentalVMOptions -Declipse.application=org.eclipse.jdt.ls.core.id1 -Dosgi.bundles.defaultStartLevel=4 -Declipse.product=org.eclipse.jdt.ls.core.product -Dlog.level=ALL -Xverify:none -XX:+UseParallelGC -XX:GCTimeRatio=4 -XX:AdaptiveSizePolicyWeight=90 -Dsun.zip.disableMemoryMapping=true -Xmx512m -Xms100m 
java_command: /nix/store/pkcgmqakympl0ix1ixdhihp4vxgxpw1n-jdt-language-server-1.9.0/share/java/plugins/org.eclipse.equinox.launcher_1.6.400.v20210924-0641.jar --add-modules=ALL-SYSTEM --add-opens java.base/java.util=ALL-UNNAMED --add-opens java.base/java.lang=ALL-UNNAMED -configuration /home/runner/.cache/jdt-language-server/config -data /home/runner/.cache/jdt-language-server/data/home/runner/first-thing-for-testing
java_class_path (initial): /nix/store/pkcgmqakympl0ix1ixdhihp4vxgxpw1n-jdt-language-server-1.9.0/share/java/plugins/org.eclipse.equinox.launcher_1.6.400.v20210924-0641.jar
Launcher Type: SUN_STANDARD

[Global flags]
    uintx AdaptiveSizePolicyWeight                 = 90                                        {product} {command line}
     intx CICompilerCount                          = 2                                         {product} {ergonomic}
     bool EnableJVMCIProduct                       = true                                {JVMCI product} {jimage}
    uintx GCTimeRatio                              = 4                                         {product} {command line}
   size_t InitialHeapSize                          = 104857600                                 {product} {command line}
   size_t MaxHeapSize                              = 536870912                                 {product} {command line}
   size_t MaxNewSize                               = 178782208                                 {product} {ergonomic}
   size_t MinHeapDeltaBytes                        = 524288                                    {product} {ergonomic}
   size_t MinHeapSize                              = 104857600                                 {product} {command line}
   size_t NewSize                                  = 34603008                                  {product} {ergonomic}
    uintx NonNMethodCodeHeapSize                   = 5826188                                {pd product} {ergonomic}
    uintx NonProfiledCodeHeapSize                  = 122916026                              {pd product} {ergonomic}
   size_t OldSize                                  = 70254592                                  {product} {ergonomic}
    uintx ProfiledCodeHeapSize                     = 122916026                              {pd product} {ergonomic}
    uintx ReservedCodeCacheSize                    = 251658240                              {pd product} {ergonomic}
     bool SegmentedCodeCache                       = true                                      {product} {ergonomic}
   size_t SoftMaxHeapSize                          = 536870912                              {manageable} {ergonomic}
     intx ThreadPriorityPolicy                     = 1                                         {product} {jimage}
     bool UseCompressedClassPointers               = true                           {product lp64_product} {ergonomic}
     bool UseCompressedOops                        = true                           {product lp64_product} {ergonomic}
     bool UseParallelGC                            = true                                      {product} {command line}

Logging:
Log output configuration:
 #0: stdout all=warning uptime,level,tags
 #1: stderr all=off uptime,level,tags

Environment Variables:
JAVA_HOME=/nix/store/jd8g6gkgxzz40842f1g51fca5bg9ilmj-graalvm17-ce
PATH=/nix/store/bccsypsvjskpzsgzww8bzjgqmck4bjbf-bash-interactive-5.1-p8/bin:/nix/store/bqmg7l0jn6nhgjlfc981g1imzb6ny8xl-patchelf-0.13/bin:/nix/store/2qwnn6lizc9d119kp3zig3q19gbfm4n6-gcc-wrapper-10.3.0/bin:/nix/store/6r5h4h7nqx73m87j5b9sjwy2x9kyri0k-gcc-10.3.0/bin:/nix/store/csz8v8xi2f644j26n84i20dnqmq43sih-glibc-2.33-117-bin/bin:/nix/store/jd1y449cf66yx5d1hwyjvc4562b1p1am-coreutils-9.0/bin:/nix/store/spm7d6ncyx2k5w8yl6clzynv2s4wf1kp-binutils-wrapper-2.35.2/bin:/nix/store/h19zwlkrp6b0hp3ypbqdcggnyarn3af6-binutils-2.35.2/bin:/nix/store/jd8g6gkgxzz40842f1g51fca5bg9ilmj-graalvm17-ce/bin:/nix/store/dznkazjn5mk1ds47qmbsbkiampgsgg5j-apache-maven-3.8.3/bin:/nix/store/pkcgmqakympl0ix1ixdhihp4vxgxpw1n-jdt-language-server-1.9.0/bin:/nix/store/x3jpp9jxxfssaqsnw9jff2iks9h9ryzn-java-debug/bin:/nix/store/jjvw20r6pz3ff7pn91yhvfx8s7izsqan-findutils-4.8.0/bin:/nix/store/ndd6gh8zigjy0j68arj7nyrbcw4kcw01-diffutils-3.8/bin:/nix/store/bpg0ia8nkavzw7s66avi1f9nz72i1p3r-gnused-4.8/bin:/nix/store/df3ff57sbkgbdhc4ar19zs4y0hrhggii-gnugrep-3.7/bin:/nix/store/4fv981732jqzirah3h2y6ynmlsfbxb37-gawk-5.1.1/bin:/nix/store/k5ifa08z0qlkknnb8s1bdh2kdrx0qmd0-gnutar-1.34/bin:/nix/store/dcird3wn9xywy49w3qq1hpjwvjfn3lph-gzip-1.11/bin:/nix/store/s85iyc3p9nbinwvwx9rcqirf1m68zpmm-bzip2-1.0.6.0.2-bin/bin:/nix/store/msncxcf5lgy5by9cqjyxchxd26x47d64-gnumake-4.3/bin:/nix/store/bm7jr70d9ghn5cczb3q0w90apsm05p54-bash-5.1-p8/bin:/nix/store/gi3psbgxbf2fmvgi36pmw77nnh58vq3l-patch-2.7.6/bin:/nix/store/sqb20f4rk80lw21j4is85qwljlphmn3g-xz-5.2.5-bin/bin:/nix/store/d28wyg1jal7z7qgi8hvqijdabm5rybxn-prybar-elisp-0.0.0-7d40edb/bin:/nix/store/6s9cfn2wgqq0knqwqyfjb3bymg0qqmac-prybar-lua-0.0.0-7d40edb/bin:/nix/store/db4g46xhs0gnn67yp9lixbz2lnnpwpfp-prybar-python3-0.0.0-7d40edb/bin:/nix/store/313fa3j4ybwpgz4yic8h1jrvbxhkgjwx-prybar-sqlite-0.0.0-7d40edb/bin:/nix/store/maslwfals5a2cjbmwy8j6bwnr6956j1z-prybar-tcl-0.0.0-7d40edb/bin:/nix/store/hpbvrlwd5viqmvcaisb3x0118i913a9n-stderred-0.1.0/bin:/nix/store/3kg489s1qpbj8m5vzn942kl7dzjfpr2a-
LD_LIBRARY_PATH=/nix/store/g2iy5k2yx2kcbr4klwv58fbg0vhjfkyp-cups-2.3.3op2-lib/lib:/nix/store/z3wflph8ngraqv8z3vznrr15wrw37syy-cairo-1.16.0/lib:/nix/store/f5jhxrj5cxq2mnahwj4nba3sw4g5956c-glib-2.70.1/lib:/nix/store/z2phd72675fma3nz1l4jzpignf4zycvd-gtk+3-3.24.30/lib:/nix/store/p36pgcv991mq5srvg765b78yqpxvk3qs-mesa-21.3.3-drivers/lib:/nix/store/m4bkxaj6v03nd0afc276szq9vy4wrvlc-mesa_glxindirect/lib:/nix/store/mav4251if1ahjq5vkpwycyyvnmy459c4-pulseaudio-14.2/lib
DISPLAY=:0
LANG=en_US.UTF-8

Signal Handlers:
   SIGSEGV: crash_handler in libjvm.so, mask=11100100010111111101111111111110, flags=SA_RESTART|SA_SIGINFO
    SIGBUS: crash_handler in libjvm.so, mask=11100100010111111101111111111110, flags=SA_RESTART|SA_SIGINFO
    SIGFPE: crash_handler in libjvm.so, mask=11100100010111111101111111111110, flags=SA_RESTART|SA_SIGINFO
   SIGPIPE: javaSignalHandler in libjvm.so, mask=11100100010111111101111111111110, flags=SA_RESTART|SA_SIGINFO
   SIGXFSZ: javaSignalHandler in libjvm.so, mask=11100100010111111101111111111110, flags=SA_RESTART|SA_SIGINFO
    SIGILL: crash_handler in libjvm.so, mask=11100100010111111101111111111110, flags=SA_RESTART|SA_SIGINFO
   SIGUSR2: SR_handler in libjvm.so, mask=00000000000000000000000000000000, flags=SA_RESTART|SA_SIGINFO
    SIGHUP: UserHandler in libjvm.so, mask=11100100010111111101111111111110, flags=SA_RESTART|SA_SIGINFO
    SIGINT: UserHandler in libjvm.so, mask=11100100010111111101111111111110, flags=SA_RESTART|SA_SIGINFO
   SIGTERM: UserHandler in libjvm.so, mask=11100100010111111101111111111110, flags=SA_RESTART|SA_SIGINFO
   SIGQUIT: UserHandler in libjvm.so, mask=11100100010111111101111111111110, flags=SA_RESTART|SA_SIGINFO
   SIGTRAP: crash_handler in libjvm.so, mask=11100100010111111101111111111110, flags=SA_RESTART|SA_SIGINFO


---------------  S Y S T E M  ---------------

OS:
DISTRIB_ID=Ubuntu
DISTRIB_RELEASE=20.04
DISTRIB_CODENAME=focal
DISTRIB_DESCRIPTION="Ubuntu 20.04.2 LTS"
uname: Linux 5.13.0-1027-gcp #32~20.04.1-Ubuntu SMP Thu May 26 10:53:08 UTC 2022 x86_64
OS uptime: 0 days 20:55 hours
libc: glibc 2.33 NPTL 2.33 
rlimit (soft/hard): STACK 8192k/infinity , CORE infinity/infinity , NPROC infinity/infinity , NOFILE 5242/5242 , AS infinity/infinity , CPU infinity/infinity , DATA infinity/infinity , FSIZE infinity/infinity , MEMLOCK 64k/64k
load average: 18.11 19.24 15.14

/proc/meminfo:
MemTotal:       65854808 kB
MemFree:         3617224 kB
MemAvailable:   36454464 kB
Buffers:         2206632 kB
Cached:         27863620 kB
SwapCached:            0 kB
Active:         20264900 kB
Inactive:       33878996 kB
Active(anon):      21136 kB
Inactive(anon): 23144960 kB
Active(file):   20243764 kB
Inactive(file): 10734036 kB
Unevictable:       64900 kB
Mlocked:           64900 kB
SwapTotal:             0 kB
SwapFree:              0 kB
Dirty:              5116 kB
Writeback:             0 kB
AnonPages:      23479616 kB
Mapped:          1733680 kB
Shmem:             25912 kB
KReclaimable:    2586044 kB
Slab:           10191448 kB
SReclaimable:    2586044 kB
SUnreclaim:      7605404 kB
KernelStack:      570768 kB
PageTables:       287288 kB
NFS_Unstable:          0 kB
Bounce:                0 kB
WritebackTmp:          0 kB
CommitLimit:    32927404 kB
Committed_AS:   93858700 kB
VmallocTotal:   34359738367 kB
VmallocUsed:      620080 kB
VmallocChunk:          0 kB
Percpu:           180640 kB
HardwareCorrupted:     0 kB
AnonHugePages:   1288192 kB
ShmemHugePages:        0 kB
ShmemPmdMapped:        0 kB
FileHugePages:         0 kB
FilePmdMapped:         0 kB
HugePages_Total:       0
HugePages_Free:        0
HugePages_Rsvd:        0
HugePages_Surp:        0
Hugepagesize:       2048 kB
Hugetlb:               0 kB
DirectMap4k:    14586688 kB
DirectMap2M:    50421760 kB
DirectMap1G:     4194304 kB

/sys/kernel/mm/transparent_hugepage/enabled: always [madvise] never
/sys/kernel/mm/transparent_hugepage/defrag (defrag/compaction efforts parameter): always defer defer+madvise [madvise] never

Process Memory:
Virtual Size: 4684532K (peak: 4743764K)
Resident Set Size: 812316K (peak: 812316K) (anon: 616276K, file: 196040K, shmem: 0K)
Swapped out: 0K
C-Heap outstanding allocations: 26505K

/proc/sys/kernel/threads-max (system-wide limit on the number of threads): 514421
/proc/sys/vm/max_map_count (maximum number of memory map areas a process may have): 65530
/proc/sys/kernel/pid_max (system-wide limit on number of process identifiers): 4194304

container (cgroup) information:
container_type: cgroupv1
cpu_cpuset_cpus: 2-7
cpu_memory_nodes: 0
active_processor_count: 1
cpu_quota: 50000
cpu_period: 100000
cpu_shares: 512
memory_limit_in_bytes: 1073741824
memory_and_swap_limit_in_bytes: 1073741824
memory_soft_limit_in_bytes: 536870912
memory_usage_in_bytes: 679997440
memory_max_usage_in_bytes: 787369984

KVM virtualization detected
Steal ticks since vm start: 0
Steal ticks percentage since vm start:  0.000

CPU: total 8 (initial active 1) (8 cores per cpu, 2 threads per core) family 23 model 49 stepping 0 microcode 0x1000065, cx8, cmov, fxsr, ht, mmx, 3dnowpref, sse, sse2, sse3, ssse3, sse4a, sse4.1, sse4.2, popcnt, lzcnt, tsc, tscinvbit, avx, avx2, aes, clmul, bmi1, bmi2, adx, sha, fma, vzeroupper, clflush, clflushopt, hv
CPU Model and flags from /proc/cpuinfo:
model name	: AMD EPYC 7B12
flags		: fpu vme de pse tsc msr pae mce cx8 apic sep mtrr pge mca cmov pat pse36 clflush mmx fxsr sse sse2 ht syscall nx mmxext fxsr_opt pdpe1gb rdtscp lm constant_tsc rep_good nopl nonstop_tsc cpuid extd_apicid tsc_known_freq pni pclmulqdq ssse3 fma cx16 sse4_1 sse4_2 movbe popcnt aes xsave avx f16c rdrand hypervisor lahf_lm cmp_legacy cr8_legacy abm sse4a misalignsse 3dnowprefetch osvw topoext ssbd ibrs ibpb stibp vmmcall fsgsbase tsc_adjust bmi1 avx2 smep bmi2 rdseed adx smap clflushopt clwb sha_ni xsaveopt xsavec xgetbv1 clzero xsaveerptr arat npt nrip_save umip rdpid

Online cpus: 0-7
Offline cpus: 
BIOS frequency limitation: <Not Available>
Frequency switch latency (ns): <Not Available>
Available cpu frequencies: <Not Available>
Current governor: <Not Available>
Core performance/turbo boost: <Not Available>

Memory: 4k page, physical 1048576k(384508k free), swap 0k(0k free)
Page Sizes: 4k

vm_info: OpenJDK 64-Bit Server VM (17.0.1+12-jvmci-21.3-b05) for linux-amd64 JRE (17.0.1+12-jvmci-21.3-b05), built on Oct 16 2021 11:35:12 by "buildslave" with gcc 10.3.0

END.
